{"meta": {"format": 3, "version": "7.13.2", "timestamp": "2026-06-11T15:05:25.062430", "branch_coverage": true, "show_contexts": false}, "files": {"apps/finances/api/budgets.py": {"executed_lines": [1, 2, 3, 4, 6, 7, 8, 9, 10, 13, 16, 17, 18, 22, 25, 30, 34, 37, 42, 46, 49, 54, 59, 60], "summary": {"covered_lines": 24, "num_statements": 24, "percent_covered": 100.0, "percent_covered_display": "100", "missing_lines": 0, "excluded_lines": 0, "percent_statements_covered": 100.0, "percent_statements_covered_display": "100", "num_branches": 0, "num_partial_branches": 0, "covered_branches": 0, "missing_branches": 0, "percent_branches_covered": 100.0, "percent_branches_covered_display": "100"}, "missing_lines": [], "excluded_lines": [], "executed_branches": [], "missing_branches": [], "functions": {"list_budgets": {"executed_lines": [22], "summary": {"covered_lines": 1, "num_statements": 1, "percent_covered": 100.0, "percent_covered_display": "100", "missing_lines": 0, "excluded_lines": 0, "percent_statements_covered": 100.0, "percent_statements_covered_display": "100", "num_branches": 0, "num_partial_branches": 0, "covered_branches": 0, "missing_branches": 0, "percent_branches_covered": 100.0, "percent_branches_covered_display": "100"}, "missing_lines": [], "excluded_lines": [], "start_line": 18, "executed_branches": [], "missing_branches": []}, "get_budget": {"executed_lines": [34], "summary": {"covered_lines": 1, "num_statements": 1, "percent_covered": 100.0, "percent_covered_display": "100", "missing_lines": 0, "excluded_lines": 0, "percent_statements_covered": 100.0, "percent_statements_covered_display": "100", "num_branches": 0, "num_partial_branches": 0, "covered_branches": 0, "missing_branches": 0, "percent_branches_covered": 100.0, "percent_branches_covered_display": "100"}, "missing_lines": [], "excluded_lines": [], "start_line": 30, "executed_branches": [], "missing_branches": []}, "get_budget_for_wedding": {"executed_lines": [46], "summary": {"covered_lines": 1, "num_statements": 1, "percent_covered": 100.0, "percent_covered_display": "100", "missing_lines": 0, "excluded_lines": 0, "percent_statements_covered": 100.0, "percent_statements_covered_display": "100", "num_branches": 0, "num_partial_branches": 0, "covered_branches": 0, "missing_branches": 0, "percent_branches_covered": 100.0, "percent_branches_covered_display": "100"}, "missing_lines": [], "excluded_lines": [], "start_line": 42, "executed_branches": [], "missing_branches": []}, "update_budget": {"executed_lines": [59, 60], "summary": {"covered_lines": 2, "num_statements": 2, "percent_covered": 100.0, "percent_covered_display": "100", "missing_lines": 0, "excluded_lines": 0, "percent_statements_covered": 100.0, "percent_statements_covered_display": "100", "num_branches": 0, "num_partial_branches": 0, "covered_branches": 0, "missing_branches": 0, "percent_branches_covered": 100.0, "percent_branches_covered_display": "100"}, "missing_lines": [], "excluded_lines": [], "start_line": 54, "executed_branches": [], "missing_branches": []}, "": {"executed_lines": [1, 2, 3, 4, 6, 7, 8, 9, 10, 13, 16, 17, 18, 25, 30, 37, 42, 49, 54], "summary": {"covered_lines": 19, "num_statements": 19, "percent_covered": 100.0, "percent_covered_display": "100", "missing_lines": 0, "excluded_lines": 0, "percent_statements_covered": 100.0, "percent_statements_covered_display": "100", "num_branches": 0, "num_partial_branches": 0, "covered_branches": 0, "missing_branches": 0, "percent_branches_covered": 100.0, "percent_branches_covered_display": "100"}, "missing_lines": [], "excluded_lines": [], "start_line": 1, "executed_branches": [], "missing_branches": []}}, "classes": {"": {"executed_lines": [1, 2, 3, 4, 6, 7, 8, 9, 10, 13, 16, 17, 18, 22, 25, 30, 34, 37, 42, 46, 49, 54, 59, 60], "summary": {"covered_lines": 24, "num_statements": 24, "percent_covered": 100.0, "percent_covered_display": "100", "missing_lines": 0, "excluded_lines": 0, "percent_statements_covered": 100.0, "percent_statements_covered_display": "100", "num_branches": 0, "num_partial_branches": 0, "covered_branches": 0, "missing_branches": 0, "percent_branches_covered": 100.0, "percent_branches_covered_display": "100"}, "missing_lines": [], "excluded_lines": [], "start_line": 1, "executed_branches": [], "missing_branches": []}}}, "apps/finances/api/categories.py": {"executed_lines": [1, 2, 3, 4, 6, 7, 8, 13, 14, 17, 20, 23, 24, 33, 36, 41, 46, 49, 54, 61, 64, 69, 76, 77, 82, 87, 92, 93, 94], "summary": {"covered_lines": 29, "num_statements": 29, "percent_covered": 100.0, "percent_covered_display": "100", "missing_lines": 0, "excluded_lines": 0, "percent_statements_covered": 100.0, "percent_statements_covered_display": "100", "num_branches": 0, "num_partial_branches": 0, "covered_branches": 0, "missing_branches": 0, "percent_branches_covered": 100.0, "percent_branches_covered_display": "100"}, "missing_lines": [], "excluded_lines": [], "executed_branches": [], "missing_branches": [], "functions": {"list_categories": {"executed_lines": [33], "summary": {"covered_lines": 1, "num_statements": 1, "percent_covered": 100.0, "percent_covered_display": "100", "missing_lines": 0, "excluded_lines": 0, "percent_statements_covered": 100.0, "percent_statements_covered_display": "100", "num_branches": 0, "num_partial_branches": 0, "covered_branches": 0, "missing_branches": 0, "percent_branches_covered": 100.0, "percent_branches_covered_display": "100"}, "missing_lines": [], "excluded_lines": [], "start_line": 24, "executed_branches": [], "missing_branches": []}, "get_category": {"executed_lines": [46], "summary": {"covered_lines": 1, "num_statements": 1, "percent_covered": 100.0, "percent_covered_display": "100", "missing_lines": 0, "excluded_lines": 0, "percent_statements_covered": 100.0, "percent_statements_covered_display": "100", "num_branches": 0, "num_partial_branches": 0, "covered_branches": 0, "missing_branches": 0, "percent_branches_covered": 100.0, "percent_branches_covered_display": "100"}, "missing_lines": [], "excluded_lines": [], "start_line": 41, "executed_branches": [], "missing_branches": []}, "create_category": {"executed_lines": [61], "summary": {"covered_lines": 1, "num_statements": 1, "percent_covered": 100.0, "percent_covered_display": "100", "missing_lines": 0, "excluded_lines": 0, "percent_statements_covered": 100.0, "percent_statements_covered_display": "100", "num_branches": 0, "num_partial_branches": 0, "covered_branches": 0, "missing_branches": 0, "percent_branches_covered": 100.0, "percent_branches_covered_display": "100"}, "missing_lines": [], "excluded_lines": [], "start_line": 54, "executed_branches": [], "missing_branches": []}, "update_category": {"executed_lines": [76, 77], "summary": {"covered_lines": 2, "num_statements": 2, "percent_covered": 100.0, "percent_covered_display": "100", "missing_lines": 0, "excluded_lines": 0, "percent_statements_covered": 100.0, "percent_statements_covered_display": "100", "num_branches": 0, "num_partial_branches": 0, "covered_branches": 0, "missing_branches": 0, "percent_branches_covered": 100.0, "percent_branches_covered_display": "100"}, "missing_lines": [], "excluded_lines": [], "start_line": 69, "executed_branches": [], "missing_branches": []}, "delete_category": {"executed_lines": [92, 93, 94], "summary": {"covered_lines": 3, "num_statements": 3, "percent_covered": 100.0, "percent_covered_display": "100", "missing_lines": 0, "excluded_lines": 0, "percent_statements_covered": 100.0, "percent_statements_covered_display": "100", "num_branches": 0, "num_partial_branches": 0, "covered_branches": 0, "missing_branches": 0, "percent_branches_covered": 100.0, "percent_branches_covered_display": "100"}, "missing_lines": [], "excluded_lines": [], "start_line": 87, "executed_branches": [], "missing_branches": []}, "": {"executed_lines": [1, 2, 3, 4, 6, 7, 8, 13, 14, 17, 20, 23, 24, 36, 41, 49, 54, 64, 69, 82, 87], "summary": {"covered_lines": 21, "num_statements": 21, "percent_covered": 100.0, "percent_covered_display": "100", "missing_lines": 0, "excluded_lines": 0, "percent_statements_covered": 100.0, "percent_statements_covered_display": "100", "num_branches": 0, "num_partial_branches": 0, "covered_branches": 0, "missing_branches": 0, "percent_branches_covered": 100.0, "percent_branches_covered_display": "100"}, "missing_lines": [], "excluded_lines": [], "start_line": 1, "executed_branches": [], "missing_branches": []}}, "classes": {"": {"executed_lines": [1, 2, 3, 4, 6, 7, 8, 13, 14, 17, 20, 23, 24, 33, 36, 41, 46, 49, 54, 61, 64, 69, 76, 77, 82, 87, 92, 93, 94], "summary": {"covered_lines": 29, "num_statements": 29, "percent_covered": 100.0, "percent_covered_display": "100", "missing_lines": 0, "excluded_lines": 0, "percent_statements_covered": 100.0, "percent_statements_covered_display": "100", "num_branches": 0, "num_partial_branches": 0, "covered_branches": 0, "missing_branches": 0, "percent_branches_covered": 100.0, "percent_branches_covered_display": "100"}, "missing_lines": [], "excluded_lines": [], "start_line": 1, "executed_branches": [], "missing_branches": []}}}, "apps/finances/api/expenses.py": {"executed_lines": [1, 2, 3, 4, 6, 7, 8, 14, 15, 18, 21, 24, 25, 31, 34, 39, 43, 46, 51, 59, 64, 70, 71, 76, 81, 85, 86, 87, 90, 95, 100, 103], "summary": {"covered_lines": 32, "num_statements": 33, "percent_covered": 96.96969696969697, "percent_covered_display": "97", "missing_lines": 1, "excluded_lines": 0, "percent_statements_covered": 96.96969696969697, "percent_statements_covered_display": "97", "num_branches": 0, "num_partial_branches": 0, "covered_branches": 0, "missing_branches": 0, "percent_branches_covered": 100.0, "percent_branches_covered_display": "100"}, "missing_lines": [56], "excluded_lines": [], "executed_branches": [], "missing_branches": [], "functions": {"list_expenses": {"executed_lines": [31], "summary": {"covered_lines": 1, "num_statements": 1, "percent_covered": 100.0, "percent_covered_display": "100", "missing_lines": 0, "excluded_lines": 0, "percent_statements_covered": 100.0, "percent_statements_covered_display": "100", "num_branches": 0, "num_partial_branches": 0, "covered_branches": 0, "missing_branches": 0, "percent_branches_covered": 100.0, "percent_branches_covered_display": "100"}, "missing_lines": [], "excluded_lines": [], "start_line": 25, "executed_branches": [], "missing_branches": []}, "get_expense": {"executed_lines": [43], "summary": {"covered_lines": 1, "num_statements": 1, "percent_covered": 100.0, "percent_covered_display": "100", "missing_lines": 0, "excluded_lines": 0, "percent_statements_covered": 100.0, "percent_statements_covered_display": "100", "num_branches": 0, "num_partial_branches": 0, "covered_branches": 0, "missing_branches": 0, "percent_branches_covered": 100.0, "percent_branches_covered_display": "100"}, "missing_lines": [], "excluded_lines": [], "start_line": 39, "executed_branches": [], "missing_branches": []}, "create_expense": {"executed_lines": [], "summary": {"covered_lines": 0, "num_statements": 1, "percent_covered": 0.0, "percent_covered_display": "0", "missing_lines": 1, "excluded_lines": 0, "percent_statements_covered": 0.0, "percent_statements_covered_display": "0", "num_branches": 0, "num_partial_branches": 0, "covered_branches": 0, "missing_branches": 0, "percent_branches_covered": 100.0, "percent_branches_covered_display": "100"}, "missing_lines": [56], "excluded_lines": [], "start_line": 51, "executed_branches": [], "missing_branches": []}, "update_expense": {"executed_lines": [70, 71], "summary": {"covered_lines": 2, "num_statements": 2, "percent_covered": 100.0, "percent_covered_display": "100", "missing_lines": 0, "excluded_lines": 0, "percent_statements_covered": 100.0, "percent_statements_covered_display": "100", "num_branches": 0, "num_partial_branches": 0, "covered_branches": 0, "missing_branches": 0, "percent_branches_covered": 100.0, "percent_branches_covered_display": "100"}, "missing_lines": [], "excluded_lines": [], "start_line": 64, "executed_branches": [], "missing_branches": []}, "delete_expense": {"executed_lines": [85, 86, 87], "summary": {"covered_lines": 3, "num_statements": 3, "percent_covered": 100.0, "percent_covered_display": "100", "missing_lines": 0, "excluded_lines": 0, "percent_statements_covered": 100.0, "percent_statements_covered_display": "100", "num_branches": 0, "num_partial_branches": 0, "covered_branches": 0, "missing_branches": 0, "percent_branches_covered": 100.0, "percent_branches_covered_display": "100"}, "missing_lines": [], "excluded_lines": [], "start_line": 81, "executed_branches": [], "missing_branches": []}, "from_document": {"executed_lines": [100, 103], "summary": {"covered_lines": 2, "num_statements": 2, "percent_covered": 100.0, "percent_covered_display": "100", "missing_lines": 0, "excluded_lines": 0, "percent_statements_covered": 100.0, "percent_statements_covered_display": "100", "num_branches": 0, "num_partial_branches": 0, "covered_branches": 0, "missing_branches": 0, "percent_branches_covered": 100.0, "percent_branches_covered_display": "100"}, "missing_lines": [], "excluded_lines": [], "start_line": 95, "executed_branches": [], "missing_branches": []}, "": {"executed_lines": [1, 2, 3, 4, 6, 7, 8, 14, 15, 18, 21, 24, 25, 34, 39, 46, 51, 59, 64, 76, 81, 90, 95], "summary": {"covered_lines": 23, "num_statements": 23, "percent_covered": 100.0, "percent_covered_display": "100", "missing_lines": 0, "excluded_lines": 0, "percent_statements_covered": 100.0, "percent_statements_covered_display": "100", "num_branches": 0, "num_partial_branches": 0, "covered_branches": 0, "missing_branches": 0, "percent_branches_covered": 100.0, "percent_branches_covered_display": "100"}, "missing_lines": [], "excluded_lines": [], "start_line": 1, "executed_branches": [], "missing_branches": []}}, "classes": {"": {"executed_lines": [1, 2, 3, 4, 6, 7, 8, 14, 15, 18, 21, 24, 25, 31, 34, 39, 43, 46, 51, 59, 64, 70, 71, 76, 81, 85, 86, 87, 90, 95, 100, 103], "summary": {"covered_lines": 32, "num_statements": 33, "percent_covered": 96.96969696969697, "percent_covered_display": "97", "missing_lines": 1, "excluded_lines": 0, "percent_statements_covered": 96.96969696969697, "percent_statements_covered_display": "97", "num_branches": 0, "num_partial_branches": 0, "covered_branches": 0, "missing_branches": 0, "percent_branches_covered": 100.0, "percent_branches_covered_display": "100"}, "missing_lines": [56], "excluded_lines": [], "start_line": 1, "executed_branches": [], "missing_branches": []}}}, "apps/finances/api/installments.py": {"executed_lines": [1, 2, 3, 4, 6, 7, 8, 12, 13, 16, 19, 22, 23, 31, 36, 41, 45, 48, 53, 58, 59, 62, 67, 71, 72, 75, 80, 87, 88], "summary": {"covered_lines": 29, "num_statements": 29, "percent_covered": 100.0, "percent_covered_display": "100", "missing_lines": 0, "excluded_lines": 0, "percent_statements_covered": 100.0, "percent_statements_covered_display": "100", "num_branches": 0, "num_partial_branches": 0, "covered_branches": 0, "missing_branches": 0, "percent_branches_covered": 100.0, "percent_branches_covered_display": "100"}, "missing_lines": [], "excluded_lines": [], "executed_branches": [], "missing_branches": [], "functions": {"list_installments": {"executed_lines": [31], "summary": {"covered_lines": 1, "num_statements": 1, "percent_covered": 100.0, "percent_covered_display": "100", "missing_lines": 0, "excluded_lines": 0, "percent_statements_covered": 100.0, "percent_statements_covered_display": "100", "num_branches": 0, "num_partial_branches": 0, "covered_branches": 0, "missing_branches": 0, "percent_branches_covered": 100.0, "percent_branches_covered_display": "100"}, "missing_lines": [], "excluded_lines": [], "start_line": 23, "executed_branches": [], "missing_branches": []}, "get_installment": {"executed_lines": [45], "summary": {"covered_lines": 1, "num_statements": 1, "percent_covered": 100.0, "percent_covered_display": "100", "missing_lines": 0, "excluded_lines": 0, "percent_statements_covered": 100.0, "percent_statements_covered_display": "100", "num_branches": 0, "num_partial_branches": 0, "covered_branches": 0, "missing_branches": 0, "percent_branches_covered": 100.0, "percent_branches_covered_display": "100"}, "missing_lines": [], "excluded_lines": [], "start_line": 41, "executed_branches": [], "missing_branches": []}, "mark_as_paid_installment": {"executed_lines": [58, 59], "summary": {"covered_lines": 2, "num_statements": 2, "percent_covered": 100.0, "percent_covered_display": "100", "missing_lines": 0, "excluded_lines": 0, "percent_statements_covered": 100.0, "percent_statements_covered_display": "100", "num_branches": 0, "num_partial_branches": 0, "covered_branches": 0, "missing_branches": 0, "percent_branches_covered": 100.0, "percent_branches_covered_display": "100"}, "missing_lines": [], "excluded_lines": [], "start_line": 53, "executed_branches": [], "missing_branches": []}, "unmark_as_paid_installment": {"executed_lines": [71, 72], "summary": {"covered_lines": 2, "num_statements": 2, "percent_covered": 100.0, "percent_covered_display": "100", "missing_lines": 0, "excluded_lines": 0, "percent_statements_covered": 100.0, "percent_statements_covered_display": "100", "num_branches": 0, "num_partial_branches": 0, "covered_branches": 0, "missing_branches": 0, "percent_branches_covered": 100.0, "percent_branches_covered_display": "100"}, "missing_lines": [], "excluded_lines": [], "start_line": 67, "executed_branches": [], "missing_branches": []}, "adjust_installment": {"executed_lines": [87, 88], "summary": {"covered_lines": 2, "num_statements": 2, "percent_covered": 100.0, "percent_covered_display": "100", "missing_lines": 0, "excluded_lines": 0, "percent_statements_covered": 100.0, "percent_statements_covered_display": "100", "num_branches": 0, "num_partial_branches": 0, "covered_branches": 0, "missing_branches": 0, "percent_branches_covered": 100.0, "percent_branches_covered_display": "100"}, "missing_lines": [], "excluded_lines": [], "start_line": 80, "executed_branches": [], "missing_branches": []}, "": {"executed_lines": [1, 2, 3, 4, 6, 7, 8, 12, 13, 16, 19, 22, 23, 36, 41, 48, 53, 62, 67, 75, 80], "summary": {"covered_lines": 21, "num_statements": 21, "percent_covered": 100.0, "percent_covered_display": "100", "missing_lines": 0, "excluded_lines": 0, "percent_statements_covered": 100.0, "percent_statements_covered_display": "100", "num_branches": 0, "num_partial_branches": 0, "covered_branches": 0, "missing_branches": 0, "percent_branches_covered": 100.0, "percent_branches_covered_display": "100"}, "missing_lines": [], "excluded_lines": [], "start_line": 1, "executed_branches": [], "missing_branches": []}}, "classes": {"": {"executed_lines": [1, 2, 3, 4, 6, 7, 8, 12, 13, 16, 19, 22, 23, 31, 36, 41, 45, 48, 53, 58, 59, 62, 67, 71, 72, 75, 80, 87, 88], "summary": {"covered_lines": 29, "num_statements": 29, "percent_covered": 100.0, "percent_covered_display": "100", "missing_lines": 0, "excluded_lines": 0, "percent_statements_covered": 100.0, "percent_statements_covered_display": "100", "num_branches": 0, "num_partial_branches": 0, "covered_branches": 0, "missing_branches": 0, "percent_branches_covered": 100.0, "percent_branches_covered_display": "100"}, "missing_lines": [], "excluded_lines": [], "start_line": 1, "executed_branches": [], "missing_branches": []}}}, "apps/finances/apps.py": {"executed_lines": [1, 4, 5, 6], "summary": {"covered_lines": 4, "num_statements": 4, "percent_covered": 100.0, "percent_covered_display": "100", "missing_lines": 0, "excluded_lines": 0, "percent_statements_covered": 100.0, "percent_statements_covered_display": "100", "num_branches": 0, "num_partial_branches": 0, "covered_branches": 0, "missing_branches": 0, "percent_branches_covered": 100.0, "percent_branches_covered_display": "100"}, "missing_lines": [], "excluded_lines": [], "executed_branches": [], "missing_branches": [], "functions": {"": {"executed_lines": [1, 4, 5, 6], "summary": {"covered_lines": 4, "num_statements": 4, "percent_covered": 100.0, "percent_covered_display": "100", "missing_lines": 0, "excluded_lines": 0, "percent_statements_covered": 100.0, "percent_statements_covered_display": "100", "num_branches": 0, "num_partial_branches": 0, "covered_branches": 0, "missing_branches": 0, "percent_branches_covered": 100.0, "percent_branches_covered_display": "100"}, "missing_lines": [], "excluded_lines": [], "start_line": 1, "executed_branches": [], "missing_branches": []}}, "classes": {"FinancesConfig": {"executed_lines": [], "summary": {"covered_lines": 0, "num_statements": 0, "percent_covered": 100.0, "percent_covered_display": "100", "missing_lines": 0, "excluded_lines": 0, "percent_statements_covered": 100.0, "percent_statements_covered_display": "100", "num_branches": 0, "num_partial_branches": 0, "covered_branches": 0, "missing_branches": 0, "percent_branches_covered": 100.0, "percent_branches_covered_display": "100"}, "missing_lines": [], "excluded_lines": [], "start_line": 4, "executed_branches": [], "missing_branches": []}, "": {"executed_lines": [1, 4, 5, 6], "summary": {"covered_lines": 4, "num_statements": 4, "percent_covered": 100.0, "percent_covered_display": "100", "missing_lines": 0, "excluded_lines": 0, "percent_statements_covered": 100.0, "percent_statements_covered_display": "100", "num_branches": 0, "num_partial_branches": 0, "covered_branches": 0, "missing_branches": 0, "percent_branches_covered": 100.0, "percent_branches_covered_display": "100"}, "missing_lines": [], "excluded_lines": [], "start_line": 1, "executed_branches": [], "missing_branches": []}}}, "apps/finances/management/commands/mark_overdue_installments.py": {"executed_lines": [], "summary": {"covered_lines": 0, "num_statements": 15, "percent_covered": 0.0, "percent_covered_display": "0", "missing_lines": 15, "excluded_lines": 0, "percent_statements_covered": 0.0, "percent_statements_covered_display": "0", "num_branches": 2, "num_partial_branches": 0, "covered_branches": 0, "missing_branches": 2, "percent_branches_covered": 0.0, "percent_branches_covered_display": "0"}, "missing_lines": [1, 2, 4, 6, 9, 12, 13, 15, 16, 17, 22, 23, 24, 26, 32], "excluded_lines": [], "executed_branches": [], "missing_branches": [[22, 23], [22, 26]], "functions": {"Command.handle": {"executed_lines": [], "summary": {"covered_lines": 0, "num_statements": 7, "percent_covered": 0.0, "percent_covered_display": "0", "missing_lines": 7, "excluded_lines": 0, "percent_statements_covered": 0.0, "percent_statements_covered_display": "0", "num_branches": 2, "num_partial_branches": 0, "covered_branches": 0, "missing_branches": 2, "percent_branches_covered": 0.0, "percent_branches_covered_display": "0"}, "missing_lines": [16, 17, 22, 23, 24, 26, 32], "excluded_lines": [], "start_line": 15, "executed_branches": [], "missing_branches": [[22, 23], [22, 26]]}, "": {"executed_lines": [], "summary": {"covered_lines": 0, "num_statements": 8, "percent_covered": 0.0, "percent_covered_display": "0", "missing_lines": 8, "excluded_lines": 0, "percent_statements_covered": 0.0, "percent_statements_covered_display": "0", "num_branches": 0, "num_partial_branches": 0, "covered_branches": 0, "missing_branches": 0, "percent_branches_covered": 100.0, "percent_branches_covered_display": "100"}, "missing_lines": [1, 2, 4, 6, 9, 12, 13, 15], "excluded_lines": [], "start_line": 1, "executed_branches": [], "missing_branches": []}}, "classes": {"Command": {"executed_lines": [], "summary": {"covered_lines": 0, "num_statements": 7, "percent_covered": 0.0, "percent_covered_display": "0", "missing_lines": 7, "excluded_lines": 0, "percent_statements_covered": 0.0, "percent_statements_covered_display": "0", "num_branches": 2, "num_partial_branches": 0, "covered_branches": 0, "missing_branches": 2, "percent_branches_covered": 0.0, "percent_branches_covered_display": "0"}, "missing_lines": [16, 17, 22, 23, 24, 26, 32], "excluded_lines": [], "start_line": 12, "executed_branches": [], "missing_branches": [[22, 23], [22, 26]]}, "": {"executed_lines": [], "summary": {"covered_lines": 0, "num_statements": 8, "percent_covered": 0.0, "percent_covered_display": "0", "missing_lines": 8, "excluded_lines": 0, "percent_statements_covered": 0.0, "percent_statements_covered_display": "0", "num_branches": 0, "num_partial_branches": 0, "covered_branches": 0, "missing_branches": 0, "percent_branches_covered": 100.0, "percent_branches_covered_display": "100"}, "missing_lines": [1, 2, 4, 6, 9, 12, 13, 15], "excluded_lines": [], "start_line": 1, "executed_branches": [], "missing_branches": []}}}, "apps/finances/managers.py": {"executed_lines": [5, 7, 9, 10, 12, 13, 16, 19, 21, 34, 37, 38], "summary": {"covered_lines": 12, "num_statements": 12, "percent_covered": 100.0, "percent_covered_display": "100", "missing_lines": 0, "excluded_lines": 0, "percent_statements_covered": 100.0, "percent_statements_covered_display": "100", "num_branches": 0, "num_partial_branches": 0, "covered_branches": 0, "missing_branches": 0, "percent_branches_covered": 100.0, "percent_branches_covered_display": "100"}, "missing_lines": [], "excluded_lines": [], "executed_branches": [], "missing_branches": [], "functions": {"BudgetCategoryQuerySet.with_total_spent": {"executed_lines": [21], "summary": {"covered_lines": 1, "num_statements": 1, "percent_covered": 100.0, "percent_covered_display": "100", "missing_lines": 0, "excluded_lines": 0, "percent_statements_covered": 100.0, "percent_statements_covered_display": "100", "num_branches": 0, "num_partial_branches": 0, "covered_branches": 0, "missing_branches": 0, "percent_branches_covered": 100.0, "percent_branches_covered_display": "100"}, "missing_lines": [], "excluded_lines": [], "start_line": 19, "executed_branches": [], "missing_branches": []}, "BudgetCategoryManager.get_queryset": {"executed_lines": [38], "summary": {"covered_lines": 1, "num_statements": 1, "percent_covered": 100.0, "percent_covered_display": "100", "missing_lines": 0, "excluded_lines": 0, "percent_statements_covered": 100.0, "percent_statements_covered_display": "100", "num_branches": 0, "num_partial_branches": 0, "covered_branches": 0, "missing_branches": 0, "percent_branches_covered": 100.0, "percent_branches_covered_display": "100"}, "missing_lines": [], "excluded_lines": [], "start_line": 37, "executed_branches": [], "missing_branches": []}, "": {"executed_lines": [5, 7, 9, 10, 12, 13, 16, 19, 34, 37], "summary": {"covered_lines": 10, "num_statements": 10, "percent_covered": 100.0, "percent_covered_display": "100", "missing_lines": 0, "excluded_lines": 0, "percent_statements_covered": 100.0, "percent_statements_covered_display": "100", "num_branches": 0, "num_partial_branches": 0, "covered_branches": 0, "missing_branches": 0, "percent_branches_covered": 100.0, "percent_branches_covered_display": "100"}, "missing_lines": [], "excluded_lines": [], "start_line": 1, "executed_branches": [], "missing_branches": []}}, "classes": {"BudgetCategoryQuerySet": {"executed_lines": [21], "summary": {"covered_lines": 1, "num_statements": 1, "percent_covered": 100.0, "percent_covered_display": "100", "missing_lines": 0, "excluded_lines": 0, "percent_statements_covered": 100.0, "percent_statements_covered_display": "100", "num_branches": 0, "num_partial_branches": 0, "covered_branches": 0, "missing_branches": 0, "percent_branches_covered": 100.0, "percent_branches_covered_display": "100"}, "missing_lines": [], "excluded_lines": [], "start_line": 16, "executed_branches": [], "missing_branches": []}, "BudgetCategoryManager": {"executed_lines": [38], "summary": {"covered_lines": 1, "num_statements": 1, "percent_covered": 100.0, "percent_covered_display": "100", "missing_lines": 0, "excluded_lines": 0, "percent_statements_covered": 100.0, "percent_statements_covered_display": "100", "num_branches": 0, "num_partial_branches": 0, "covered_branches": 0, "missing_branches": 0, "percent_branches_covered": 100.0, "percent_branches_covered_display": "100"}, "missing_lines": [], "excluded_lines": [], "start_line": 34, "executed_branches": [], "missing_branches": []}, "": {"executed_lines": [5, 7, 9, 10, 12, 13, 16, 19, 34, 37], "summary": {"covered_lines": 10, "num_statements": 10, "percent_covered": 100.0, "percent_covered_display": "100", "missing_lines": 0, "excluded_lines": 0, "percent_statements_covered": 100.0, "percent_statements_covered_display": "100", "num_branches": 0, "num_partial_branches": 0, "covered_branches": 0, "missing_branches": 0, "percent_branches_covered": 100.0, "percent_branches_covered_display": "100"}, "missing_lines": [], "excluded_lines": [], "start_line": 1, "executed_branches": [], "missing_branches": []}}}, "apps/finances/models/budget.py": {"executed_lines": [10, 12, 13, 15, 16, 19, 35, 41, 47, 49, 50, 51, 52, 53, 54, 61, 62, 71, 73], "summary": {"covered_lines": 19, "num_statements": 19, "percent_covered": 100.0, "percent_covered_display": "100", "missing_lines": 0, "excluded_lines": 2, "percent_statements_covered": 100.0, "percent_statements_covered_display": "100", "num_branches": 0, "num_partial_branches": 0, "covered_branches": 0, "missing_branches": 0, "percent_branches_covered": 100.0, "percent_branches_covered_display": "100"}, "missing_lines": [], "excluded_lines": [58, 59], "executed_branches": [], "missing_branches": [], "functions": {"Budget.__str__": {"executed_lines": [], "summary": {"covered_lines": 0, "num_statements": 0, "percent_covered": 100.0, "percent_covered_display": "100", "missing_lines": 0, "excluded_lines": 1, "percent_statements_covered": 100.0, "percent_statements_covered_display": "100", "num_branches": 0, "num_partial_branches": 0, "covered_branches": 0, "missing_branches": 0, "percent_branches_covered": 100.0, "percent_branches_covered_display": "100"}, "missing_lines": [], "excluded_lines": [59], "start_line": 58, "executed_branches": [], "missing_branches": []}, "Budget.total_overall_spent": {"executed_lines": [71, 73], "summary": {"covered_lines": 2, "num_statements": 2, "percent_covered": 100.0, "percent_covered_display": "100", "missing_lines": 0, "excluded_lines": 0, "percent_statements_covered": 100.0, "percent_statements_covered_display": "100", "num_branches": 0, "num_partial_branches": 0, "covered_branches": 0, "missing_branches": 0, "percent_branches_covered": 100.0, "percent_branches_covered_display": "100"}, "missing_lines": [], "excluded_lines": [], "start_line": 62, "executed_branches": [], "missing_branches": []}, "": {"executed_lines": [10, 12, 13, 15, 16, 19, 35, 41, 47, 49, 50, 51, 52, 53, 54, 61, 62], "summary": {"covered_lines": 17, "num_statements": 17, "percent_covered": 100.0, "percent_covered_display": "100", "missing_lines": 0, "excluded_lines": 1, "percent_statements_covered": 100.0, "percent_statements_covered_display": "100", "num_branches": 0, "num_partial_branches": 0, "covered_branches": 0, "missing_branches": 0, "percent_branches_covered": 100.0, "percent_branches_covered_display": "100"}, "missing_lines": [], "excluded_lines": [58], "start_line": 1, "executed_branches": [], "missing_branches": []}}, "classes": {"Budget": {"executed_lines": [71, 73], "summary": {"covered_lines": 2, "num_statements": 2, "percent_covered": 100.0, "percent_covered_display": "100", "missing_lines": 0, "excluded_lines": 1, "percent_statements_covered": 100.0, "percent_statements_covered_display": "100", "num_branches": 0, "num_partial_branches": 0, "covered_branches": 0, "missing_branches": 0, "percent_branches_covered": 100.0, "percent_branches_covered_display": "100"}, "missing_lines": [], "excluded_lines": [59], "start_line": 19, "executed_branches": [], "missing_branches": []}, "Budget.Meta": {"executed_lines": [], "summary": {"covered_lines": 0, "num_statements": 0, "percent_covered": 100.0, "percent_covered_display": "100", "missing_lines": 0, "excluded_lines": 0, "percent_statements_covered": 100.0, "percent_statements_covered_display": "100", "num_branches": 0, "num_partial_branches": 0, "covered_branches": 0, "missing_branches": 0, "percent_branches_covered": 100.0, "percent_branches_covered_display": "100"}, "missing_lines": [], "excluded_lines": [], "start_line": 49, "executed_branches": [], "missing_branches": []}, "": {"executed_lines": [10, 12, 13, 15, 16, 19, 35, 41, 47, 49, 50, 51, 52, 53, 54, 61, 62], "summary": {"covered_lines": 17, "num_statements": 17, "percent_covered": 100.0, "percent_covered_display": "100", "missing_lines": 0, "excluded_lines": 1, "percent_statements_covered": 100.0, "percent_statements_covered_display": "100", "num_branches": 0, "num_partial_branches": 0, "covered_branches": 0, "missing_branches": 0, "percent_branches_covered": 100.0, "percent_branches_covered_display": "100"}, "missing_lines": [], "excluded_lines": [58], "start_line": 1, "executed_branches": [], "missing_branches": []}}}, "apps/finances/models/budget_category.py": {"executed_lines": [10, 12, 13, 14, 16, 17, 18, 21, 27, 29, 35, 36, 37, 44, 45, 46, 47, 48, 49, 53, 58, 59, 67, 69, 76, 77, 80, 87, 88, 89, 98, 99, 100], "summary": {"covered_lines": 33, "num_statements": 34, "percent_covered": 92.5, "percent_covered_display": "92", "missing_lines": 1, "excluded_lines": 2, "percent_statements_covered": 97.05882352941177, "percent_statements_covered_display": "97", "num_branches": 6, "num_partial_branches": 2, "covered_branches": 4, "missing_branches": 2, "percent_branches_covered": 66.66666666666667, "percent_branches_covered_display": "67"}, "missing_lines": [81], "excluded_lines": [55, 56], "executed_branches": [[80, 87], [87, 88], [99, -76], [99, 100]], "missing_branches": [[80, 81], [87, -76]], "functions": {"BudgetCategory.__str__": {"executed_lines": [], "summary": {"covered_lines": 0, "num_statements": 0, "percent_covered": 100.0, "percent_covered_display": "100", "missing_lines": 0, "excluded_lines": 1, "percent_statements_covered": 100.0, "percent_statements_covered_display": "100", "num_branches": 0, "num_partial_branches": 0, "covered_branches": 0, "missing_branches": 0, "percent_branches_covered": 100.0, "percent_branches_covered_display": "100"}, "missing_lines": [], "excluded_lines": [56], "start_line": 55, "executed_branches": [], "missing_branches": []}, "BudgetCategory.total_spent": {"executed_lines": [67, 69], "summary": {"covered_lines": 2, "num_statements": 2, "percent_covered": 100.0, "percent_covered_display": "100", "missing_lines": 0, "excluded_lines": 0, "percent_statements_covered": 100.0, "percent_statements_covered_display": "100", "num_branches": 0, "num_partial_branches": 0, "covered_branches": 0, "missing_branches": 0, "percent_branches_covered": 100.0, "percent_branches_covered_display": "100"}, "missing_lines": [], "excluded_lines": [], "start_line": 59, "executed_branches": [], "missing_branches": []}, "BudgetCategory.clean": {"executed_lines": [77, 80, 87, 88, 89, 98, 99, 100], "summary": {"covered_lines": 8, "num_statements": 9, "percent_covered": 80.0, "percent_covered_display": "80", "missing_lines": 1, "excluded_lines": 0, "percent_statements_covered": 88.88888888888889, "percent_statements_covered_display": "89", "num_branches": 6, "num_partial_branches": 2, "covered_branches": 4, "missing_branches": 2, "percent_branches_covered": 66.66666666666667, "percent_branches_covered_display": "67"}, "missing_lines": [81], "excluded_lines": [], "start_line": 76, "executed_branches": [[80, 87], [87, 88], [99, -76], [99, 100]], "missing_branches": [[80, 81], [87, -76]]}, "": {"executed_lines": [10, 12, 13, 14, 16, 17, 18, 21, 27, 29, 35, 36, 37, 44, 45, 46, 47, 48, 49, 53, 58, 59, 76], "summary": {"covered_lines": 23, "num_statements": 23, "percent_covered": 100.0, "percent_covered_display": "100", "missing_lines": 0, "excluded_lines": 1, "percent_statements_covered": 100.0, "percent_statements_covered_display": "100", "num_branches": 0, "num_partial_branches": 0, "covered_branches": 0, "missing_branches": 0, "percent_branches_covered": 100.0, "percent_branches_covered_display": "100"}, "missing_lines": [], "excluded_lines": [55], "start_line": 1, "executed_branches": [], "missing_branches": []}}, "classes": {"BudgetCategory": {"executed_lines": [67, 69, 77, 80, 87, 88, 89, 98, 99, 100], "summary": {"covered_lines": 10, "num_statements": 11, "percent_covered": 82.3529411764706, "percent_covered_display": "82", "missing_lines": 1, "excluded_lines": 1, "percent_statements_covered": 90.9090909090909, "percent_statements_covered_display": "91", "num_branches": 6, "num_partial_branches": 2, "covered_branches": 4, "missing_branches": 2, "percent_branches_covered": 66.66666666666667, "percent_branches_covered_display": "67"}, "missing_lines": [81], "excluded_lines": [56], "start_line": 21, "executed_branches": [[80, 87], [87, 88], [99, -76], [99, 100]], "missing_branches": [[80, 81], [87, -76]]}, "BudgetCategory.Meta": {"executed_lines": [], "summary": {"covered_lines": 0, "num_statements": 0, "percent_covered": 100.0, "percent_covered_display": "100", "missing_lines": 0, "excluded_lines": 0, "percent_statements_covered": 100.0, "percent_statements_covered_display": "100", "num_branches": 0, "num_partial_branches": 0, "covered_branches": 0, "missing_branches": 0, "percent_branches_covered": 100.0, "percent_branches_covered_display": "100"}, "missing_lines": [], "excluded_lines": [], "start_line": 44, "executed_branches": [], "missing_branches": []}, "": {"executed_lines": [10, 12, 13, 14, 16, 17, 18, 21, 27, 29, 35, 36, 37, 44, 45, 46, 47, 48, 49, 53, 58, 59, 76], "summary": {"covered_lines": 23, "num_statements": 23, "percent_covered": 100.0, "percent_covered_display": "100", "missing_lines": 0, "excluded_lines": 1, "percent_statements_covered": 100.0, "percent_statements_covered_display": "100", "num_branches": 0, "num_partial_branches": 0, "covered_branches": 0, "missing_branches": 0, "percent_branches_covered": 100.0, "percent_branches_covered_display": "100"}, "missing_lines": [], "excluded_lines": [55], "start_line": 1, "executed_branches": [], "missing_branches": []}}}, "apps/finances/models/expense.py": {"executed_lines": [9, 11, 12, 14, 15, 18, 24, 27, 34, 35, 36, 37, 41, 42, 43, 44, 45, 46, 54, 55, 58, 59, 62, 63], "summary": {"covered_lines": 24, "num_statements": 24, "percent_covered": 100.0, "percent_covered_display": "100", "missing_lines": 0, "excluded_lines": 2, "percent_statements_covered": 100.0, "percent_statements_covered_display": "100", "num_branches": 4, "num_partial_branches": 0, "covered_branches": 4, "missing_branches": 0, "percent_branches_covered": 100.0, "percent_branches_covered_display": "100"}, "missing_lines": [], "excluded_lines": [51, 52], "executed_branches": [[58, -54], [58, 59], [62, -54], [62, 63]], "missing_branches": [], "functions": {"Expense.__str__": {"executed_lines": [], "summary": {"covered_lines": 0, "num_statements": 0, "percent_covered": 100.0, "percent_covered_display": "100", "missing_lines": 0, "excluded_lines": 1, "percent_statements_covered": 100.0, "percent_statements_covered_display": "100", "num_branches": 0, "num_partial_branches": 0, "covered_branches": 0, "missing_branches": 0, "percent_branches_covered": 100.0, "percent_branches_covered_display": "100"}, "missing_lines": [], "excluded_lines": [52], "start_line": 51, "executed_branches": [], "missing_branches": []}, "Expense.clean": {"executed_lines": [55, 58, 59, 62, 63], "summary": {"covered_lines": 5, "num_statements": 5, "percent_covered": 100.0, "percent_covered_display": "100", "missing_lines": 0, "excluded_lines": 0, "percent_statements_covered": 100.0, "percent_statements_covered_display": "100", "num_branches": 4, "num_partial_branches": 0, "covered_branches": 4, "missing_branches": 0, "percent_branches_covered": 100.0, "percent_branches_covered_display": "100"}, "missing_lines": [], "excluded_lines": [], "start_line": 54, "executed_branches": [[58, -54], [58, 59], [62, -54], [62, 63]], "missing_branches": []}, "": {"executed_lines": [9, 11, 12, 14, 15, 18, 24, 27, 34, 35, 36, 37, 41, 42, 43, 44, 45, 46, 54], "summary": {"covered_lines": 19, "num_statements": 19, "percent_covered": 100.0, "percent_covered_display": "100", "missing_lines": 0, "excluded_lines": 1, "percent_statements_covered": 100.0, "percent_statements_covered_display": "100", "num_branches": 0, "num_partial_branches": 0, "covered_branches": 0, "missing_branches": 0, "percent_branches_covered": 100.0, "percent_branches_covered_display": "100"}, "missing_lines": [], "excluded_lines": [51], "start_line": 1, "executed_branches": [], "missing_branches": []}}, "classes": {"Expense": {"executed_lines": [55, 58, 59, 62, 63], "summary": {"covered_lines": 5, "num_statements": 5, "percent_covered": 100.0, "percent_covered_display": "100", "missing_lines": 0, "excluded_lines": 1, "percent_statements_covered": 100.0, "percent_statements_covered_display": "100", "num_branches": 4, "num_partial_branches": 0, "covered_branches": 4, "missing_branches": 0, "percent_branches_covered": 100.0, "percent_branches_covered_display": "100"}, "missing_lines": [], "excluded_lines": [52], "start_line": 18, "executed_branches": [[58, -54], [58, 59], [62, -54], [62, 63]], "missing_branches": []}, "Expense.Meta": {"executed_lines": [], "summary": {"covered_lines": 0, "num_statements": 0, "percent_covered": 100.0, "percent_covered_display": "100", "missing_lines": 0, "excluded_lines": 0, "percent_statements_covered": 100.0, "percent_statements_covered_display": "100", "num_branches": 0, "num_partial_branches": 0, "covered_branches": 0, "missing_branches": 0, "percent_branches_covered": 100.0, "percent_branches_covered_display": "100"}, "missing_lines": [], "excluded_lines": [], "start_line": 41, "executed_branches": [], "missing_branches": []}, "": {"executed_lines": [9, 11, 12, 14, 15, 18, 24, 27, 34, 35, 36, 37, 41, 42, 43, 44, 45, 46, 54], "summary": {"covered_lines": 19, "num_statements": 19, "percent_covered": 100.0, "percent_covered_display": "100", "missing_lines": 0, "excluded_lines": 1, "percent_statements_covered": 100.0, "percent_statements_covered_display": "100", "num_branches": 0, "num_partial_branches": 0, "covered_branches": 0, "missing_branches": 0, "percent_branches_covered": 100.0, "percent_branches_covered_display": "100"}, "missing_lines": [], "excluded_lines": [51], "start_line": 1, "executed_branches": [], "missing_branches": []}}}, "apps/finances/models/installment.py": {"executed_lines": [10, 11, 13, 14, 17, 23, 24, 25, 26, 29, 33, 34, 35, 36, 37, 40, 42, 43, 45, 46, 47, 55, 57, 59, 60, 64, 65, 67, 68], "summary": {"covered_lines": 29, "num_statements": 29, "percent_covered": 100.0, "percent_covered_display": "100", "missing_lines": 0, "excluded_lines": 2, "percent_statements_covered": 100.0, "percent_statements_covered_display": "100", "num_branches": 6, "num_partial_branches": 0, "covered_branches": 6, "missing_branches": 0, "percent_branches_covered": 100.0, "percent_branches_covered_display": "100"}, "missing_lines": [], "excluded_lines": [52, 53], "executed_branches": [[59, 60], [59, 64], [64, 65], [64, 67], [67, -55], [67, 68]], "missing_branches": [], "functions": {"Installment.__str__": {"executed_lines": [], "summary": {"covered_lines": 0, "num_statements": 0, "percent_covered": 100.0, "percent_covered_display": "100", "missing_lines": 0, "excluded_lines": 1, "percent_statements_covered": 100.0, "percent_statements_covered_display": "100", "num_branches": 0, "num_partial_branches": 0, "covered_branches": 0, "missing_branches": 0, "percent_branches_covered": 100.0, "percent_branches_covered_display": "100"}, "missing_lines": [], "excluded_lines": [53], "start_line": 52, "executed_branches": [], "missing_branches": []}, "Installment.clean": {"executed_lines": [57, 59, 60, 64, 65, 67, 68], "summary": {"covered_lines": 7, "num_statements": 7, "percent_covered": 100.0, "percent_covered_display": "100", "missing_lines": 0, "excluded_lines": 0, "percent_statements_covered": 100.0, "percent_statements_covered_display": "100", "num_branches": 6, "num_partial_branches": 0, "covered_branches": 6, "missing_branches": 0, "percent_branches_covered": 100.0, "percent_branches_covered_display": "100"}, "missing_lines": [], "excluded_lines": [], "start_line": 55, "executed_branches": [[59, 60], [59, 64], [64, 65], [64, 67], [67, -55], [67, 68]], "missing_branches": []}, "": {"executed_lines": [10, 11, 13, 14, 17, 23, 24, 25, 26, 29, 33, 34, 35, 36, 37, 40, 42, 43, 45, 46, 47, 55], "summary": {"covered_lines": 22, "num_statements": 22, "percent_covered": 100.0, "percent_covered_display": "100", "missing_lines": 0, "excluded_lines": 1, "percent_statements_covered": 100.0, "percent_statements_covered_display": "100", "num_branches": 0, "num_partial_branches": 0, "covered_branches": 0, "missing_branches": 0, "percent_branches_covered": 100.0, "percent_branches_covered_display": "100"}, "missing_lines": [], "excluded_lines": [52], "start_line": 1, "executed_branches": [], "missing_branches": []}}, "classes": {"Installment": {"executed_lines": [57, 59, 60, 64, 65, 67, 68], "summary": {"covered_lines": 7, "num_statements": 7, "percent_covered": 100.0, "percent_covered_display": "100", "missing_lines": 0, "excluded_lines": 1, "percent_statements_covered": 100.0, "percent_statements_covered_display": "100", "num_branches": 6, "num_partial_branches": 0, "covered_branches": 6, "missing_branches": 0, "percent_branches_covered": 100.0, "percent_branches_covered_display": "100"}, "missing_lines": [], "excluded_lines": [53], "start_line": 17, "executed_branches": [[59, 60], [59, 64], [64, 65], [64, 67], [67, -55], [67, 68]], "missing_branches": []}, "Installment.StatusChoices": {"executed_lines": [], "summary": {"covered_lines": 0, "num_statements": 0, "percent_covered": 100.0, "percent_covered_display": "100", "missing_lines": 0, "excluded_lines": 0, "percent_statements_covered": 100.0, "percent_statements_covered_display": "100", "num_branches": 0, "num_partial_branches": 0, "covered_branches": 0, "missing_branches": 0, "percent_branches_covered": 100.0, "percent_branches_covered_display": "100"}, "missing_lines": [], "excluded_lines": [], "start_line": 23, "executed_branches": [], "missing_branches": []}, "Installment.Meta": {"executed_lines": [], "summary": {"covered_lines": 0, "num_statements": 0, "percent_covered": 100.0, "percent_covered_display": "100", "missing_lines": 0, "excluded_lines": 0, "percent_statements_covered": 100.0, "percent_statements_covered_display": "100", "num_branches": 0, "num_partial_branches": 0, "covered_branches": 0, "missing_branches": 0, "percent_branches_covered": 100.0, "percent_branches_covered_display": "100"}, "missing_lines": [], "excluded_lines": [], "start_line": 42, "executed_branches": [], "missing_branches": []}, "": {"executed_lines": [10, 11, 13, 14, 17, 23, 24, 25, 26, 29, 33, 34, 35, 36, 37, 40, 42, 43, 45, 46, 47, 55], "summary": {"covered_lines": 22, "num_statements": 22, "percent_covered": 100.0, "percent_covered_display": "100", "missing_lines": 0, "excluded_lines": 1, "percent_statements_covered": 100.0, "percent_statements_covered_display": "100", "num_branches": 0, "num_partial_branches": 0, "covered_branches": 0, "missing_branches": 0, "percent_branches_covered": 100.0, "percent_branches_covered_display": "100"}, "missing_lines": [], "excluded_lines": [52], "start_line": 1, "executed_branches": [], "missing_branches": []}}}, "apps/finances/services/budget_category_service.py": {"executed_lines": [1, 2, 3, 5, 6, 8, 12, 13, 14, 17, 20, 26, 27, 33, 36, 37, 38, 40, 41, 42, 43, 48, 49, 53, 54, 55, 56, 61, 63, 64, 66, 68, 69, 70, 73, 79, 84, 86, 87, 89, 90, 91, 94, 99, 100, 101, 103, 104, 106, 108, 109, 111, 112, 113, 114, 119, 120, 121, 125, 126, 130, 138, 139, 143, 152, 154, 165], "summary": {"covered_lines": 67, "num_statements": 67, "percent_covered": 100.0, "percent_covered_display": "100", "missing_lines": 0, "excluded_lines": 0, "percent_statements_covered": 100.0, "percent_statements_covered_display": "100", "num_branches": 6, "num_partial_branches": 0, "covered_branches": 6, "missing_branches": 0, "percent_branches_covered": 100.0, "percent_branches_covered_display": "100"}, "missing_lines": [], "excluded_lines": [], "executed_branches": [[36, 37], [36, 38], [63, 64], [63, 66], [103, 104], [103, 106]], "missing_branches": [], "functions": {"BudgetCategoryService.list": {"executed_lines": [33, 36, 37, 38], "summary": {"covered_lines": 4, "num_statements": 4, "percent_covered": 100.0, "percent_covered_display": "100", "missing_lines": 0, "excluded_lines": 0, "percent_statements_covered": 100.0, "percent_statements_covered_display": "100", "num_branches": 2, "num_partial_branches": 0, "covered_branches": 2, "missing_branches": 0, "percent_branches_covered": 100.0, "percent_branches_covered_display": "100"}, "missing_lines": [], "excluded_lines": [], "start_line": 27, "executed_branches": [[36, 37], [36, 38]], "missing_branches": []}, "BudgetCategoryService.get": {"executed_lines": [42, 43, 48, 49], "summary": {"covered_lines": 4, "num_statements": 4, "percent_covered": 100.0, "percent_covered_display": "100", "missing_lines": 0, "excluded_lines": 0, "percent_statements_covered": 100.0, "percent_statements_covered_display": "100", "num_branches": 0, "num_partial_branches": 0, "covered_branches": 0, "missing_branches": 0, "percent_branches_covered": 100.0, "percent_branches_covered_display": "100"}, "missing_lines": [], "excluded_lines": [], "start_line": 41, "executed_branches": [], "missing_branches": []}, "BudgetCategoryService.create": {"executed_lines": [56, 61, 63, 64, 66, 68, 69, 70, 73, 79, 84, 86, 87], "summary": {"covered_lines": 13, "num_statements": 13, "percent_covered": 100.0, "percent_covered_display": "100", "missing_lines": 0, "excluded_lines": 0, "percent_statements_covered": 100.0, "percent_statements_covered_display": "100", "num_branches": 2, "num_partial_branches": 0, "covered_branches": 2, "missing_branches": 0, "percent_branches_covered": 100.0, "percent_branches_covered_display": "100"}, "missing_lines": [], "excluded_lines": [], "start_line": 55, "executed_branches": [[63, 64], [63, 66]], "missing_branches": []}, "BudgetCategoryService.update": {"executed_lines": [94, 99, 100, 101, 103, 104, 106, 108, 109], "summary": {"covered_lines": 9, "num_statements": 9, "percent_covered": 100.0, "percent_covered_display": "100", "missing_lines": 0, "excluded_lines": 0, "percent_statements_covered": 100.0, "percent_statements_covered_display": "100", "num_branches": 2, "num_partial_branches": 0, "covered_branches": 2, "missing_branches": 0, "percent_branches_covered": 100.0, "percent_branches_covered_display": "100"}, "missing_lines": [], "excluded_lines": [], "start_line": 91, "executed_branches": [[103, 104], [103, 106]], "missing_branches": []}, "BudgetCategoryService.delete": {"executed_lines": [114, 119, 120, 121, 125, 126, 130], "summary": {"covered_lines": 7, "num_statements": 7, "percent_covered": 100.0, "percent_covered_display": "100", "missing_lines": 0, "excluded_lines": 0, "percent_statements_covered": 100.0, "percent_statements_covered_display": "100", "num_branches": 0, "num_partial_branches": 0, "covered_branches": 0, "missing_branches": 0, "percent_branches_covered": 100.0, "percent_branches_covered_display": "100"}, "missing_lines": [], "excluded_lines": [], "start_line": 113, "executed_branches": [], "missing_branches": []}, "BudgetCategoryService.setup_defaults": {"executed_lines": [143, 152, 154, 165], "summary": {"covered_lines": 4, "num_statements": 4, "percent_covered": 100.0, "percent_covered_display": "100", "missing_lines": 0, "excluded_lines": 0, "percent_statements_covered": 100.0, "percent_statements_covered_display": "100", "num_branches": 0, "num_partial_branches": 0, "covered_branches": 0, "missing_branches": 0, "percent_branches_covered": 100.0, "percent_branches_covered_display": "100"}, "missing_lines": [], "excluded_lines": [], "start_line": 139, "executed_branches": [], "missing_branches": []}, "": {"executed_lines": [1, 2, 3, 5, 6, 8, 12, 13, 14, 17, 20, 26, 27, 40, 41, 53, 54, 55, 89, 90, 91, 111, 112, 113, 138, 139], "summary": {"covered_lines": 26, "num_statements": 26, "percent_covered": 100.0, "percent_covered_display": "100", "missing_lines": 0, "excluded_lines": 0, "percent_statements_covered": 100.0, "percent_statements_covered_display": "100", "num_branches": 0, "num_partial_branches": 0, "covered_branches": 0, "missing_branches": 0, "percent_branches_covered": 100.0, "percent_branches_covered_display": "100"}, "missing_lines": [], "excluded_lines": [], "start_line": 1, "executed_branches": [], "missing_branches": []}}, "classes": {"BudgetCategoryService": {"executed_lines": [33, 36, 37, 38, 42, 43, 48, 49, 56, 61, 63, 64, 66, 68, 69, 70, 73, 79, 84, 86, 87, 94, 99, 100, 101, 103, 104, 106, 108, 109, 114, 119, 120, 121, 125, 126, 130, 143, 152, 154, 165], "summary": {"covered_lines": 41, "num_statements": 41, "percent_covered": 100.0, "percent_covered_display": "100", "missing_lines": 0, "excluded_lines": 0, "percent_statements_covered": 100.0, "percent_statements_covered_display": "100", "num_branches": 6, "num_partial_branches": 0, "covered_branches": 6, "missing_branches": 0, "percent_branches_covered": 100.0, "percent_branches_covered_display": "100"}, "missing_lines": [], "excluded_lines": [], "start_line": 20, "executed_branches": [[36, 37], [36, 38], [63, 64], [63, 66], [103, 104], [103, 106]], "missing_branches": []}, "": {"executed_lines": [1, 2, 3, 5, 6, 8, 12, 13, 14, 17, 20, 26, 27, 40, 41, 53, 54, 55, 89, 90, 91, 111, 112, 113, 138, 139], "summary": {"covered_lines": 26, "num_statements": 26, "percent_covered": 100.0, "percent_covered_display": "100", "missing_lines": 0, "excluded_lines": 0, "percent_statements_covered": 100.0, "percent_statements_covered_display": "100", "num_branches": 0, "num_partial_branches": 0, "covered_branches": 0, "missing_branches": 0, "percent_branches_covered": 100.0, "percent_branches_covered_display": "100"}, "missing_lines": [], "excluded_lines": [], "start_line": 1, "executed_branches": [], "missing_branches": []}}}, "apps/finances/services/budget_service.py": {"executed_lines": [1, 2, 3, 5, 6, 7, 9, 10, 11, 12, 15, 18, 24, 25, 26, 28, 29, 30, 31, 36, 37, 39, 40, 41, 42, 47, 49, 50, 52, 53, 54, 55, 59, 65, 68, 69, 70, 74, 79, 83, 89, 90, 92, 93, 94, 95, 100, 101, 103, 104, 107, 109, 110, 112, 113, 114, 115, 120, 121, 122, 126, 127, 131, 137, 138, 139, 143, 146, 147, 148, 149, 153, 159, 166, 167, 171, 175, 180, 185, 187], "summary": {"covered_lines": 80, "num_statements": 81, "percent_covered": 97.75280898876404, "percent_covered_display": "98", "missing_lines": 1, "excluded_lines": 0, "percent_statements_covered": 98.76543209876543, "percent_statements_covered_display": "99", "num_branches": 8, "num_partial_branches": 1, "covered_branches": 7, "missing_branches": 1, "percent_branches_covered": 87.5, "percent_branches_covered_display": "88"}, "missing_lines": [77], "excluded_lines": [], "executed_branches": [[49, 50], [49, 52], [74, 79], [103, 104], [103, 107], [166, 167], [166, 185]], "missing_branches": [[74, 77]], "functions": {"BudgetService.list": {"executed_lines": [26], "summary": {"covered_lines": 1, "num_statements": 1, "percent_covered": 100.0, "percent_covered_display": "100", "missing_lines": 0, "excluded_lines": 0, "percent_statements_covered": 100.0, "percent_statements_covered_display": "100", "num_branches": 0, "num_partial_branches": 0, "covered_branches": 0, "missing_branches": 0, "percent_branches_covered": 100.0, "percent_branches_covered_display": "100"}, "missing_lines": [], "excluded_lines": [], "start_line": 25, "executed_branches": [], "missing_branches": []}, "BudgetService.get": {"executed_lines": [30, 31, 36, 37], "summary": {"covered_lines": 4, "num_statements": 4, "percent_covered": 100.0, "percent_covered_display": "100", "missing_lines": 0, "excluded_lines": 0, "percent_statements_covered": 100.0, "percent_statements_covered_display": "100", "num_branches": 0, "num_partial_branches": 0, "covered_branches": 0, "missing_branches": 0, "percent_branches_covered": 100.0, "percent_branches_covered_display": "100"}, "missing_lines": [], "excluded_lines": [], "start_line": 29, "executed_branches": [], "missing_branches": []}, "BudgetService.create": {"executed_lines": [42, 47, 49, 50, 52, 53, 54, 55, 59, 65, 68, 69, 70, 74, 79, 83, 89, 90], "summary": {"covered_lines": 18, "num_statements": 19, "percent_covered": 91.30434782608695, "percent_covered_display": "91", "missing_lines": 1, "excluded_lines": 0, "percent_statements_covered": 94.73684210526316, "percent_statements_covered_display": "95", "num_branches": 4, "num_partial_branches": 1, "covered_branches": 3, "missing_branches": 1, "percent_branches_covered": 75.0, "percent_branches_covered_display": "75"}, "missing_lines": [77], "excluded_lines": [], "start_line": 41, "executed_branches": [[49, 50], [49, 52], [74, 79]], "missing_branches": [[74, 77]]}, "BudgetService.update": {"executed_lines": [95, 100, 101, 103, 104, 107, 109, 110], "summary": {"covered_lines": 8, "num_statements": 8, "percent_covered": 100.0, "percent_covered_display": "100", "missing_lines": 0, "excluded_lines": 0, "percent_statements_covered": 100.0, "percent_statements_covered_display": "100", "num_branches": 2, "num_partial_branches": 0, "covered_branches": 2, "missing_branches": 0, "percent_branches_covered": 100.0, "percent_branches_covered_display": "100"}, "missing_lines": [], "excluded_lines": [], "start_line": 94, "executed_branches": [[103, 104], [103, 107]], "missing_branches": []}, "BudgetService.delete": {"executed_lines": [115, 120, 121, 122, 126, 127, 131], "summary": {"covered_lines": 7, "num_statements": 7, "percent_covered": 100.0, "percent_covered_display": "100", "missing_lines": 0, "excluded_lines": 0, "percent_statements_covered": 100.0, "percent_statements_covered_display": "100", "num_branches": 0, "num_partial_branches": 0, "covered_branches": 0, "missing_branches": 0, "percent_branches_covered": 100.0, "percent_branches_covered_display": "100"}, "missing_lines": [], "excluded_lines": [], "start_line": 114, "executed_branches": [], "missing_branches": []}, "BudgetService.get_or_create_for_wedding": {"executed_lines": [143, 146, 147, 148, 149, 153, 159, 166, 167, 171, 175, 180, 185, 187], "summary": {"covered_lines": 14, "num_statements": 14, "percent_covered": 100.0, "percent_covered_display": "100", "missing_lines": 0, "excluded_lines": 0, "percent_statements_covered": 100.0, "percent_statements_covered_display": "100", "num_branches": 2, "num_partial_branches": 0, "covered_branches": 2, "missing_branches": 0, "percent_branches_covered": 100.0, "percent_branches_covered_display": "100"}, "missing_lines": [], "excluded_lines": [], "start_line": 139, "executed_branches": [[166, 167], [166, 185]], "missing_branches": []}, "": {"executed_lines": [1, 2, 3, 5, 6, 7, 9, 10, 11, 12, 15, 18, 24, 25, 28, 29, 39, 40, 41, 92, 93, 94, 112, 113, 114, 137, 138, 139], "summary": {"covered_lines": 28, "num_statements": 28, "percent_covered": 100.0, "percent_covered_display": "100", "missing_lines": 0, "excluded_lines": 0, "percent_statements_covered": 100.0, "percent_statements_covered_display": "100", "num_branches": 0, "num_partial_branches": 0, "covered_branches": 0, "missing_branches": 0, "percent_branches_covered": 100.0, "percent_branches_covered_display": "100"}, "missing_lines": [], "excluded_lines": [], "start_line": 1, "executed_branches": [], "missing_branches": []}}, "classes": {"BudgetService": {"executed_lines": [26, 30, 31, 36, 37, 42, 47, 49, 50, 52, 53, 54, 55, 59, 65, 68, 69, 70, 74, 79, 83, 89, 90, 95, 100, 101, 103, 104, 107, 109, 110, 115, 120, 121, 122, 126, 127, 131, 143, 146, 147, 148, 149, 153, 159, 166, 167, 171, 175, 180, 185, 187], "summary": {"covered_lines": 52, "num_statements": 53, "percent_covered": 96.72131147540983, "percent_covered_display": "97", "missing_lines": 1, "excluded_lines": 0, "percent_statements_covered": 98.11320754716981, "percent_statements_covered_display": "98", "num_branches": 8, "num_partial_branches": 1, "covered_branches": 7, "missing_branches": 1, "percent_branches_covered": 87.5, "percent_branches_covered_display": "88"}, "missing_lines": [77], "excluded_lines": [], "start_line": 18, "executed_branches": [[49, 50], [49, 52], [74, 79], [103, 104], [103, 107], [166, 167], [166, 185]], "missing_branches": [[74, 77]]}, "": {"executed_lines": [1, 2, 3, 5, 6, 7, 9, 10, 11, 12, 15, 18, 24, 25, 28, 29, 39, 40, 41, 92, 93, 94, 112, 113, 114, 137, 138, 139], "summary": {"covered_lines": 28, "num_statements": 28, "percent_covered": 100.0, "percent_covered_display": "100", "missing_lines": 0, "excluded_lines": 0, "percent_statements_covered": 100.0, "percent_statements_covered_display": "100", "num_branches": 0, "num_partial_branches": 0, "covered_branches": 0, "missing_branches": 0, "percent_branches_covered": 100.0, "percent_branches_covered_display": "100"}, "missing_lines": [], "excluded_lines": [], "start_line": 1, "executed_branches": [], "missing_branches": []}}}, "apps/finances/services/expense_service.py": {"executed_lines": [1, 2, 3, 4, 5, 7, 8, 9, 15, 18, 20, 24, 25, 26, 27, 30, 33, 40, 41, 44, 69, 70, 71, 73, 74, 75, 76, 102, 103, 105, 106, 107, 108, 113, 114, 119, 133, 134, 135, 136, 139, 141, 142, 144, 145, 148, 149, 152, 158, 159, 161, 162, 163, 165, 166, 179, 180, 181, 182, 184, 185, 191, 192, 193, 203, 212, 213, 225, 232, 233, 235, 236, 238, 239, 240, 250, 251, 255, 256, 259, 260, 269, 271, 272, 273, 274, 278, 279, 280, 282, 283, 284, 286, 291, 292, 294, 295, 298, 299, 301, 303, 304, 311, 324, 329, 330, 331, 332, 336, 337, 342, 343, 345, 346, 347, 348, 353, 354, 358, 359], "summary": {"covered_lines": 120, "num_statements": 139, "percent_covered": 85.14285714285714, "percent_covered_display": "85", "missing_lines": 19, "excluded_lines": 0, "percent_statements_covered": 86.33093525179856, "percent_statements_covered_display": "86", "num_branches": 36, "num_partial_branches": 3, "covered_branches": 29, "missing_branches": 7, "percent_branches_covered": 80.55555555555556, "percent_branches_covered_display": "81"}, "missing_lines": [169, 170, 174, 214, 215, 218, 219, 241, 257, 263, 264, 325, 365, 366, 371, 372, 374, 375, 377], "excluded_lines": [], "executed_branches": [[69, 70], [69, 71], [141, 142], [141, 144], [161, 162], [161, 179], [162, 163], [162, 165], [180, 181], [180, 182], [184, 185], [184, 191], [192, 193], [192, 203], [240, -235], [255, 256], [255, 269], [256, 259], [283, 284], [283, 286], [291, 292], [291, 294], [298, 299], [298, 301], [301, 303], [301, 324], [303, 304], [303, 311], [324, 329]], "missing_branches": [[240, 241], [256, 257], [324, 325], [365, 366], [365, 371], [371, 372], [371, 374]], "functions": {"ExpenseService.list": {"executed_lines": [44, 69, 70, 71], "summary": {"covered_lines": 4, "num_statements": 4, "percent_covered": 100.0, "percent_covered_display": "100", "missing_lines": 0, "excluded_lines": 0, "percent_statements_covered": 100.0, "percent_statements_covered_display": "100", "num_branches": 2, "num_partial_branches": 0, "covered_branches": 2, "missing_branches": 0, "percent_branches_covered": 100.0, "percent_branches_covered_display": "100"}, "missing_lines": [], "excluded_lines": [], "start_line": 41, "executed_branches": [[69, 70], [69, 71]], "missing_branches": []}, "ExpenseService.get": {"executed_lines": [75, 76, 102, 103], "summary": {"covered_lines": 4, "num_statements": 4, "percent_covered": 100.0, "percent_covered_display": "100", "missing_lines": 0, "excluded_lines": 0, "percent_statements_covered": 100.0, "percent_statements_covered_display": "100", "num_branches": 0, "num_partial_branches": 0, "covered_branches": 0, "missing_branches": 0, "percent_branches_covered": 100.0, "percent_branches_covered_display": "100"}, "missing_lines": [], "excluded_lines": [], "start_line": 74, "executed_branches": [], "missing_branches": []}, "ExpenseService.from_document": {"executed_lines": [107, 108, 113, 114, 119], "summary": {"covered_lines": 5, "num_statements": 5, "percent_covered": 100.0, "percent_covered_display": "100", "missing_lines": 0, "excluded_lines": 0, "percent_statements_covered": 100.0, "percent_statements_covered_display": "100", "num_branches": 0, "num_partial_branches": 0, "covered_branches": 0, "missing_branches": 0, "percent_branches_covered": 100.0, "percent_branches_covered_display": "100"}, "missing_lines": [], "excluded_lines": [], "start_line": 106, "executed_branches": [], "missing_branches": []}, "ExpenseService.create": {"executed_lines": [136, 139, 141, 142, 144, 145, 148, 149, 152, 158, 159, 161, 162, 163, 165, 166, 179, 180, 181, 182, 184, 185, 191, 192, 193, 203, 212, 213, 225, 232, 233], "summary": {"covered_lines": 31, "num_statements": 38, "percent_covered": 86.0, "percent_covered_display": "86", "missing_lines": 7, "excluded_lines": 0, "percent_statements_covered": 81.57894736842105, "percent_statements_covered_display": "82", "num_branches": 12, "num_partial_branches": 0, "covered_branches": 12, "missing_branches": 0, "percent_branches_covered": 100.0, "percent_branches_covered_display": "100"}, "missing_lines": [169, 170, 174, 214, 215, 218, 219], "excluded_lines": [], "start_line": 135, "executed_branches": [[141, 142], [141, 144], [161, 162], [161, 179], [162, 163], [162, 165], [180, 181], [180, 182], [184, 185], [184, 191], [192, 193], [192, 203]], "missing_branches": []}, "ExpenseService._validate_br_f02": {"executed_lines": [238, 239, 240], "summary": {"covered_lines": 3, "num_statements": 4, "percent_covered": 66.66666666666667, "percent_covered_display": "67", "missing_lines": 1, "excluded_lines": 0, "percent_statements_covered": 75.0, "percent_statements_covered_display": "75", "num_branches": 2, "num_partial_branches": 1, "covered_branches": 1, "missing_branches": 1, "percent_branches_covered": 50.0, "percent_branches_covered_display": "50"}, "missing_lines": [241], "excluded_lines": [], "start_line": 236, "executed_branches": [[240, -235]], "missing_branches": [[240, 241]]}, "ExpenseService._resolve_contract": {"executed_lines": [255, 256, 259, 260, 269], "summary": {"covered_lines": 5, "num_statements": 8, "percent_covered": 66.66666666666667, "percent_covered_display": "67", "missing_lines": 3, "excluded_lines": 0, "percent_statements_covered": 62.5, "percent_statements_covered_display": "62", "num_branches": 4, "num_partial_branches": 1, "covered_branches": 3, "missing_branches": 1, "percent_branches_covered": 75.0, "percent_branches_covered_display": "75"}, "missing_lines": [257, 263, 264], "excluded_lines": [], "start_line": 251, "executed_branches": [[255, 256], [255, 269], [256, 259]], "missing_branches": [[256, 257]]}, "ExpenseService.update": {"executed_lines": [274, 278, 279, 280, 282, 283, 284, 286, 291, 292, 294, 295, 298, 299, 301, 303, 304, 311, 324, 329, 330, 331, 332, 336, 337, 342, 343], "summary": {"covered_lines": 27, "num_statements": 28, "percent_covered": 95.0, "percent_covered_display": "95", "missing_lines": 1, "excluded_lines": 0, "percent_statements_covered": 96.42857142857143, "percent_statements_covered_display": "96", "num_branches": 12, "num_partial_branches": 1, "covered_branches": 11, "missing_branches": 1, "percent_branches_covered": 91.66666666666667, "percent_branches_covered_display": "92"}, "missing_lines": [325], "excluded_lines": [], "start_line": 273, "executed_branches": [[283, 284], [283, 286], [291, 292], [291, 294], [298, 299], [298, 301], [301, 303], [301, 324], [303, 304], [303, 311], [324, 329]], "missing_branches": [[324, 325]]}, "ExpenseService.delete": {"executed_lines": [348, 353, 354], "summary": {"covered_lines": 3, "num_statements": 3, "percent_covered": 100.0, "percent_covered_display": "100", "missing_lines": 0, "excluded_lines": 0, "percent_statements_covered": 100.0, "percent_statements_covered_display": "100", "num_branches": 0, "num_partial_branches": 0, "covered_branches": 0, "missing_branches": 0, "percent_branches_covered": 100.0, "percent_branches_covered_display": "100"}, "missing_lines": [], "excluded_lines": [], "start_line": 347, "executed_branches": [], "missing_branches": []}, "ExpenseService._handle_redistribute": {"executed_lines": [], "summary": {"covered_lines": 0, "num_statements": 7, "percent_covered": 0.0, "percent_covered_display": "0", "missing_lines": 7, "excluded_lines": 0, "percent_statements_covered": 0.0, "percent_statements_covered_display": "0", "num_branches": 4, "num_partial_branches": 0, "covered_branches": 0, "missing_branches": 4, "percent_branches_covered": 0.0, "percent_branches_covered_display": "0"}, "missing_lines": [365, 366, 371, 372, 374, 375, 377], "excluded_lines": [], "start_line": 359, "executed_branches": [], "missing_branches": [[365, 366], [365, 371], [371, 372], [371, 374]]}, "": {"executed_lines": [1, 2, 3, 4, 5, 7, 8, 9, 15, 18, 20, 24, 25, 26, 27, 30, 33, 40, 41, 73, 74, 105, 106, 133, 134, 135, 235, 236, 250, 251, 271, 272, 273, 345, 346, 347, 358, 359], "summary": {"covered_lines": 38, "num_statements": 38, "percent_covered": 100.0, "percent_covered_display": "100", "missing_lines": 0, "excluded_lines": 0, "percent_statements_covered": 100.0, "percent_statements_covered_display": "100", "num_branches": 0, "num_partial_branches": 0, "covered_branches": 0, "missing_branches": 0, "percent_branches_covered": 100.0, "percent_branches_covered_display": "100"}, "missing_lines": [], "excluded_lines": [], "start_line": 1, "executed_branches": [], "missing_branches": []}}, "classes": {"ExpenseService": {"executed_lines": [44, 69, 70, 71, 75, 76, 102, 103, 107, 108, 113, 114, 119, 136, 139, 141, 142, 144, 145, 148, 149, 152, 158, 159, 161, 162, 163, 165, 166, 179, 180, 181, 182, 184, 185, 191, 192, 193, 203, 212, 213, 225, 232, 233, 238, 239, 240, 255, 256, 259, 260, 269, 274, 278, 279, 280, 282, 283, 284, 286, 291, 292, 294, 295, 298, 299, 301, 303, 304, 311, 324, 329, 330, 331, 332, 336, 337, 342, 343, 348, 353, 354], "summary": {"covered_lines": 82, "num_statements": 101, "percent_covered": 81.02189781021897, "percent_covered_display": "81", "missing_lines": 19, "excluded_lines": 0, "percent_statements_covered": 81.18811881188118, "percent_statements_covered_display": "81", "num_branches": 36, "num_partial_branches": 3, "covered_branches": 29, "missing_branches": 7, "percent_branches_covered": 80.55555555555556, "percent_branches_covered_display": "81"}, "missing_lines": [169, 170, 174, 214, 215, 218, 219, 241, 257, 263, 264, 325, 365, 366, 371, 372, 374, 375, 377], "excluded_lines": [], "start_line": 33, "executed_branches": [[69, 70], [69, 71], [141, 142], [141, 144], [161, 162], [161, 179], [162, 163], [162, 165], [180, 181], [180, 182], [184, 185], [184, 191], [192, 193], [192, 203], [240, -235], [255, 256], [255, 269], [256, 259], [283, 284], [283, 286], [291, 292], [291, 294], [298, 299], [298, 301], [301, 303], [301, 324], [303, 304], [303, 311], [324, 329]], "missing_branches": [[240, 241], [256, 257], [324, 325], [365, 366], [365, 371], [371, 372], [371, 374]]}, "": {"executed_lines": [1, 2, 3, 4, 5, 7, 8, 9, 15, 18, 20, 24, 25, 26, 27, 30, 33, 40, 41, 73, 74, 105, 106, 133, 134, 135, 235, 236, 250, 251, 271, 272, 273, 345, 346, 347, 358, 359], "summary": {"covered_lines": 38, "num_statements": 38, "percent_covered": 100.0, "percent_covered_display": "100", "missing_lines": 0, "excluded_lines": 0, "percent_statements_covered": 100.0, "percent_statements_covered_display": "100", "num_branches": 0, "num_partial_branches": 0, "covered_branches": 0, "missing_branches": 0, "percent_branches_covered": 100.0, "percent_branches_covered_display": "100"}, "missing_lines": [], "excluded_lines": [], "start_line": 1, "executed_branches": [], "missing_branches": []}}}, "apps/finances/services/installment_service.py": {"executed_lines": [1, 2, 3, 4, 5, 7, 8, 9, 11, 16, 17, 20, 23, 30, 31, 36, 39, 41, 43, 45, 46, 47, 48, 53, 54, 56, 57, 58, 72, 75, 76, 84, 85, 90, 91, 97, 98, 100, 102, 103, 114, 116, 117, 131, 132, 135, 137, 139, 140, 141, 147, 148, 156, 157, 158, 165, 166, 167, 168, 171, 172, 173, 175, 176, 177, 178, 181, 187, 192, 195, 196, 197, 198, 202, 211, 212, 214, 215, 216, 219, 224, 225, 226, 228, 229, 231, 234, 235, 236, 237, 241, 247, 248, 250, 251, 252, 253, 254, 259, 260, 261, 263, 264, 276, 277, 279, 280, 281, 282, 283, 288, 289, 290, 292, 293, 295, 296, 308, 309, 311, 312, 313, 316, 317, 323, 324, 325, 334, 335, 343, 352, 353, 361, 362, 364, 366, 367, 368, 369, 373, 379, 380, 382, 383, 384, 385, 389, 391, 392, 395, 397, 399, 403, 404, 408, 418, 420, 422, 429, 431, 433, 441, 452, 454, 456, 458, 459, 460, 461], "summary": {"covered_lines": 169, "num_statements": 177, "percent_covered": 95.34883720930233, "percent_covered_display": "95", "missing_lines": 8, "excluded_lines": 0, "percent_statements_covered": 95.48022598870057, "percent_statements_covered_display": "95", "num_branches": 38, "num_partial_branches": 2, "covered_branches": 36, "missing_branches": 2, "percent_branches_covered": 94.73684210526316, "percent_branches_covered_display": "95"}, "missing_lines": [40, 42, 265, 266, 270, 297, 298, 302], "excluded_lines": [], "executed_branches": [[39, 41], [41, 43], [75, 76], [75, 84], [84, 85], [84, 90], [90, 91], [90, 97], [102, 103], [102, 116], [131, 132], [131, 135], [147, 148], [147, 156], [172, 173], [172, 175], [228, 229], [228, 231], [253, 254], [253, 259], [282, 283], [282, 288], [289, 290], [289, 292], [316, 317], [316, 323], [324, 325], [324, 361], [334, 335], [334, 343], [352, 353], [352, 361], [361, 362], [361, 364], [458, -441], [458, 459]], "missing_branches": [[39, 40], [41, 42]], "functions": {"InstallmentService.list": {"executed_lines": [36, 39, 41, 43], "summary": {"covered_lines": 4, "num_statements": 6, "percent_covered": 60.0, "percent_covered_display": "60", "missing_lines": 2, "excluded_lines": 0, "percent_statements_covered": 66.66666666666667, "percent_statements_covered_display": "67", "num_branches": 4, "num_partial_branches": 2, "covered_branches": 2, "missing_branches": 2, "percent_branches_covered": 50.0, "percent_branches_covered_display": "50"}, "missing_lines": [40, 42], "excluded_lines": [], "start_line": 31, "executed_branches": [[39, 41], [41, 43]], "missing_branches": [[39, 40], [41, 42]]}, "InstallmentService.get": {"executed_lines": [47, 48, 53, 54], "summary": {"covered_lines": 4, "num_statements": 4, "percent_covered": 100.0, "percent_covered_display": "100", "missing_lines": 0, "excluded_lines": 0, "percent_statements_covered": 100.0, "percent_statements_covered_display": "100", "num_branches": 0, "num_partial_branches": 0, "covered_branches": 0, "missing_branches": 0, "percent_branches_covered": 100.0, "percent_branches_covered_display": "100"}, "missing_lines": [], "excluded_lines": [], "start_line": 46, "executed_branches": [], "missing_branches": []}, "InstallmentService.auto_generate_installments": {"executed_lines": [72, 75, 76, 84, 85, 90, 91, 97, 98, 100, 102, 103, 114, 116, 117, 131, 132, 135, 137], "summary": {"covered_lines": 19, "num_statements": 19, "percent_covered": 100.0, "percent_covered_display": "100", "missing_lines": 0, "excluded_lines": 0, "percent_statements_covered": 100.0, "percent_statements_covered_display": "100", "num_branches": 10, "num_partial_branches": 0, "covered_branches": 10, "missing_branches": 0, "percent_branches_covered": 100.0, "percent_branches_covered_display": "100"}, "missing_lines": [], "excluded_lines": [], "start_line": 58, "executed_branches": [[75, 76], [75, 84], [84, 85], [84, 90], [90, 91], [90, 97], [102, 103], [102, 116], [131, 132], [131, 135]], "missing_branches": []}, "InstallmentService.redistribute": {"executed_lines": [147, 148, 156, 157, 158], "summary": {"covered_lines": 5, "num_statements": 5, "percent_covered": 100.0, "percent_covered_display": "100", "missing_lines": 0, "excluded_lines": 0, "percent_statements_covered": 100.0, "percent_statements_covered_display": "100", "num_branches": 2, "num_partial_branches": 0, "covered_branches": 2, "missing_branches": 0, "percent_branches_covered": 100.0, "percent_branches_covered_display": "100"}, "missing_lines": [], "excluded_lines": [], "start_line": 141, "executed_branches": [[147, 148], [147, 156]], "missing_branches": []}, "InstallmentService.create": {"executed_lines": [168, 171, 172, 173, 175, 176, 177, 178, 181, 187, 192, 195, 196, 197, 198, 202, 211, 212], "summary": {"covered_lines": 18, "num_statements": 18, "percent_covered": 100.0, "percent_covered_display": "100", "missing_lines": 0, "excluded_lines": 0, "percent_statements_covered": 100.0, "percent_statements_covered_display": "100", "num_branches": 2, "num_partial_branches": 0, "covered_branches": 2, "missing_branches": 0, "percent_branches_covered": 100.0, "percent_branches_covered_display": "100"}, "missing_lines": [], "excluded_lines": [], "start_line": 167, "executed_branches": [[172, 173], [172, 175]], "missing_branches": []}, "InstallmentService.update": {"executed_lines": [219, 224, 225, 226, 228, 229, 231, 234, 235, 236, 237, 241, 247, 248], "summary": {"covered_lines": 14, "num_statements": 14, "percent_covered": 100.0, "percent_covered_display": "100", "missing_lines": 0, "excluded_lines": 0, "percent_statements_covered": 100.0, "percent_statements_covered_display": "100", "num_branches": 2, "num_partial_branches": 0, "covered_branches": 2, "missing_branches": 0, "percent_branches_covered": 100.0, "percent_branches_covered_display": "100"}, "missing_lines": [], "excluded_lines": [], "start_line": 216, "executed_branches": [[228, 229], [228, 231]], "missing_branches": []}, "InstallmentService.mark_as_paid": {"executed_lines": [253, 254, 259, 260, 261, 263, 264, 276, 277], "summary": {"covered_lines": 9, "num_statements": 12, "percent_covered": 78.57142857142857, "percent_covered_display": "79", "missing_lines": 3, "excluded_lines": 0, "percent_statements_covered": 75.0, "percent_statements_covered_display": "75", "num_branches": 2, "num_partial_branches": 0, "covered_branches": 2, "missing_branches": 0, "percent_branches_covered": 100.0, "percent_branches_covered_display": "100"}, "missing_lines": [265, 266, 270], "excluded_lines": [], "start_line": 252, "executed_branches": [[253, 254], [253, 259]], "missing_branches": []}, "InstallmentService.unmark_as_paid": {"executed_lines": [282, 283, 288, 289, 290, 292, 293, 295, 296, 308, 309], "summary": {"covered_lines": 11, "num_statements": 14, "percent_covered": 83.33333333333333, "percent_covered_display": "83", "missing_lines": 3, "excluded_lines": 0, "percent_statements_covered": 78.57142857142857, "percent_statements_covered_display": "79", "num_branches": 4, "num_partial_branches": 0, "covered_branches": 4, "missing_branches": 0, "percent_branches_covered": 100.0, "percent_branches_covered_display": "100"}, "missing_lines": [297, 298, 302], "excluded_lines": [], "start_line": 281, "executed_branches": [[282, 283], [282, 288], [289, 290], [289, 292]], "missing_branches": []}, "InstallmentService.adjust": {"executed_lines": [316, 317, 323, 324, 325, 334, 335, 343, 352, 353, 361, 362, 364, 366, 367, 368, 369, 373, 379, 380], "summary": {"covered_lines": 20, "num_statements": 20, "percent_covered": 100.0, "percent_covered_display": "100", "missing_lines": 0, "excluded_lines": 0, "percent_statements_covered": 100.0, "percent_statements_covered_display": "100", "num_branches": 10, "num_partial_branches": 0, "covered_branches": 10, "missing_branches": 0, "percent_branches_covered": 100.0, "percent_branches_covered_display": "100"}, "missing_lines": [], "excluded_lines": [], "start_line": 313, "executed_branches": [[316, 317], [316, 323], [324, 325], [324, 361], [334, 335], [334, 343], [352, 353], [352, 361], [361, 362], [361, 364]], "missing_branches": []}, "InstallmentService.delete": {"executed_lines": [385, 389, 391, 392, 395, 397, 399, 403, 404, 408], "summary": {"covered_lines": 10, "num_statements": 10, "percent_covered": 100.0, "percent_covered_display": "100", "missing_lines": 0, "excluded_lines": 0, "percent_statements_covered": 100.0, "percent_statements_covered_display": "100", "num_branches": 0, "num_partial_branches": 0, "covered_branches": 0, "missing_branches": 0, "percent_branches_covered": 100.0, "percent_branches_covered_display": "100"}, "missing_lines": [], "excluded_lines": [], "start_line": 384, "executed_branches": [], "missing_branches": []}, "_delete_payment_events_for_expense": {"executed_lines": [420, 422], "summary": {"covered_lines": 2, "num_statements": 2, "percent_covered": 100.0, "percent_covered_display": "100", "missing_lines": 0, "excluded_lines": 0, "percent_statements_covered": 100.0, "percent_statements_covered_display": "100", "num_branches": 0, "num_partial_branches": 0, "covered_branches": 0, "missing_branches": 0, "percent_branches_covered": 100.0, "percent_branches_covered_display": "100"}, "missing_lines": [], "excluded_lines": [], "start_line": 418, "executed_branches": [], "missing_branches": []}, "_delete_payment_event_for_single": {"executed_lines": [431, 433], "summary": {"covered_lines": 2, "num_statements": 2, "percent_covered": 100.0, "percent_covered_display": "100", "missing_lines": 0, "excluded_lines": 0, "percent_statements_covered": 100.0, "percent_statements_covered_display": "100", "num_branches": 0, "num_partial_branches": 0, "covered_branches": 0, "missing_branches": 0, "percent_branches_covered": 100.0, "percent_branches_covered_display": "100"}, "missing_lines": [], "excluded_lines": [], "start_line": 429, "executed_branches": [], "missing_branches": []}, "_create_payment_events": {"executed_lines": [452, 454, 456, 458, 459, 460, 461], "summary": {"covered_lines": 7, "num_statements": 7, "percent_covered": 100.0, "percent_covered_display": "100", "missing_lines": 0, "excluded_lines": 0, "percent_statements_covered": 100.0, "percent_statements_covered_display": "100", "num_branches": 2, "num_partial_branches": 0, "covered_branches": 2, "missing_branches": 0, "percent_branches_covered": 100.0, "percent_branches_covered_display": "100"}, "missing_lines": [], "excluded_lines": [], "start_line": 441, "executed_branches": [[458, -441], [458, 459]], "missing_branches": []}, "": {"executed_lines": [1, 2, 3, 4, 5, 7, 8, 9, 11, 16, 17, 20, 23, 30, 31, 45, 46, 56, 57, 58, 139, 140, 141, 165, 166, 167, 214, 215, 216, 250, 251, 252, 279, 280, 281, 311, 312, 313, 382, 383, 384, 418, 429, 441], "summary": {"covered_lines": 44, "num_statements": 44, "percent_covered": 100.0, "percent_covered_display": "100", "missing_lines": 0, "excluded_lines": 0, "percent_statements_covered": 100.0, "percent_statements_covered_display": "100", "num_branches": 0, "num_partial_branches": 0, "covered_branches": 0, "missing_branches": 0, "percent_branches_covered": 100.0, "percent_branches_covered_display": "100"}, "missing_lines": [], "excluded_lines": [], "start_line": 1, "executed_branches": [], "missing_branches": []}}, "classes": {"InstallmentService": {"executed_lines": [36, 39, 41, 43, 47, 48, 53, 54, 72, 75, 76, 84, 85, 90, 91, 97, 98, 100, 102, 103, 114, 116, 117, 131, 132, 135, 137, 147, 148, 156, 157, 158, 168, 171, 172, 173, 175, 176, 177, 178, 181, 187, 192, 195, 196, 197, 198, 202, 211, 212, 219, 224, 225, 226, 228, 229, 231, 234, 235, 236, 237, 241, 247, 248, 253, 254, 259, 260, 261, 263, 264, 276, 277, 282, 283, 288, 289, 290, 292, 293, 295, 296, 308, 309, 316, 317, 323, 324, 325, 334, 335, 343, 352, 353, 361, 362, 364, 366, 367, 368, 369, 373, 379, 380, 385, 389, 391, 392, 395, 397, 399, 403, 404, 408], "summary": {"covered_lines": 114, "num_statements": 122, "percent_covered": 93.67088607594937, "percent_covered_display": "94", "missing_lines": 8, "excluded_lines": 0, "percent_statements_covered": 93.44262295081967, "percent_statements_covered_display": "93", "num_branches": 36, "num_partial_branches": 2, "covered_branches": 34, "missing_branches": 2, "percent_branches_covered": 94.44444444444444, "percent_branches_covered_display": "94"}, "missing_lines": [40, 42, 265, 266, 270, 297, 298, 302], "excluded_lines": [], "start_line": 23, "executed_branches": [[39, 41], [41, 43], [75, 76], [75, 84], [84, 85], [84, 90], [90, 91], [90, 97], [102, 103], [102, 116], [131, 132], [131, 135], [147, 148], [147, 156], [172, 173], [172, 175], [228, 229], [228, 231], [253, 254], [253, 259], [282, 283], [282, 288], [289, 290], [289, 292], [316, 317], [316, 323], [324, 325], [324, 361], [334, 335], [334, 343], [352, 353], [352, 361], [361, 362], [361, 364]], "missing_branches": [[39, 40], [41, 42]]}, "": {"executed_lines": [1, 2, 3, 4, 5, 7, 8, 9, 11, 16, 17, 20, 23, 30, 31, 45, 46, 56, 57, 58, 139, 140, 141, 165, 166, 167, 214, 215, 216, 250, 251, 252, 279, 280, 281, 311, 312, 313, 382, 383, 384, 418, 420, 422, 429, 431, 433, 441, 452, 454, 456, 458, 459, 460, 461], "summary": {"covered_lines": 55, "num_statements": 55, "percent_covered": 100.0, "percent_covered_display": "100", "missing_lines": 0, "excluded_lines": 0, "percent_statements_covered": 100.0, "percent_statements_covered_display": "100", "num_branches": 2, "num_partial_branches": 0, "covered_branches": 2, "missing_branches": 0, "percent_branches_covered": 100.0, "percent_branches_covered_display": "100"}, "missing_lines": [], "excluded_lines": [], "start_line": 1, "executed_branches": [[458, -441], [458, 459]], "missing_branches": []}}}, "apps/weddings/services/dashboard_service.py": {"executed_lines": [1, 2, 3, 4, 6, 8, 9, 10, 11, 12, 13, 16, 19, 20, 21, 30, 31, 32, 33, 35, 45, 51, 55, 58, 60, 71, 109, 110, 125, 129, 138, 139, 151, 152, 156, 157, 160, 161, 162, 163, 164, 165, 166, 169, 170, 171, 174, 175, 176, 179, 180, 183, 188, 189, 200, 213, 218, 228, 235, 236, 237, 238, 239, 240, 249, 253], "summary": {"covered_lines": 66, "num_statements": 69, "percent_covered": 93.33333333333333, "percent_covered_display": "93", "missing_lines": 3, "excluded_lines": 0, "percent_statements_covered": 95.65217391304348, "percent_statements_covered_display": "96", "num_branches": 6, "num_partial_branches": 2, "covered_branches": 4, "missing_branches": 2, "percent_branches_covered": 66.66666666666667, "percent_branches_covered_display": "67"}, "missing_lines": [111, 112, 168], "excluded_lines": [], "executed_branches": [[110, 125], [164, 165], [236, 237], [236, 249]], "missing_branches": [[110, 111], [164, 168]], "functions": {"DashboardService.get_summary": {"executed_lines": [30, 31, 32, 33, 35, 45, 51, 55, 58, 60, 71, 109, 110, 125, 129], "summary": {"covered_lines": 15, "num_statements": 17, "percent_covered": 84.21052631578948, "percent_covered_display": "84", "missing_lines": 2, "excluded_lines": 0, "percent_statements_covered": 88.23529411764706, "percent_statements_covered_display": "88", "num_branches": 2, "num_partial_branches": 1, "covered_branches": 1, "missing_branches": 1, "percent_branches_covered": 50.0, "percent_branches_covered_display": "50"}, "missing_lines": [111, 112], "excluded_lines": [], "start_line": 21, "executed_branches": [[110, 125]], "missing_branches": [[110, 111]]}, "DashboardService.get_wedding_overview": {"executed_lines": [151, 152, 156, 157, 160, 161, 162, 163, 164, 165, 166, 169, 170, 171, 174, 175, 176, 179, 180, 183, 188, 189, 200, 213, 218, 228, 235, 236, 237, 238, 239, 240, 249, 253], "summary": {"covered_lines": 34, "num_statements": 35, "percent_covered": 94.87179487179488, "percent_covered_display": "95", "missing_lines": 1, "excluded_lines": 0, "percent_statements_covered": 97.14285714285714, "percent_statements_covered_display": "97", "num_branches": 4, "num_partial_branches": 1, "covered_branches": 3, "missing_branches": 1, "percent_branches_covered": 75.0, "percent_branches_covered_display": "75"}, "missing_lines": [168], "excluded_lines": [], "start_line": 139, "executed_branches": [[164, 165], [236, 237], [236, 249]], "missing_branches": [[164, 168]]}, "": {"executed_lines": [1, 2, 3, 4, 6, 8, 9, 10, 11, 12, 13, 16, 19, 20, 21, 138, 139], "summary": {"covered_lines": 17, "num_statements": 17, "percent_covered": 100.0, "percent_covered_display": "100", "missing_lines": 0, "excluded_lines": 0, "percent_statements_covered": 100.0, "percent_statements_covered_display": "100", "num_branches": 0, "num_partial_branches": 0, "covered_branches": 0, "missing_branches": 0, "percent_branches_covered": 100.0, "percent_branches_covered_display": "100"}, "missing_lines": [], "excluded_lines": [], "start_line": 1, "executed_branches": [], "missing_branches": []}}, "classes": {"DashboardService": {"executed_lines": [30, 31, 32, 33, 35, 45, 51, 55, 58, 60, 71, 109, 110, 125, 129, 151, 152, 156, 157, 160, 161, 162, 163, 164, 165, 166, 169, 170, 171, 174, 175, 176, 179, 180, 183, 188, 189, 200, 213, 218, 228, 235, 236, 237, 238, 239, 240, 249, 253], "summary": {"covered_lines": 49, "num_statements": 52, "percent_covered": 91.37931034482759, "percent_covered_display": "91", "missing_lines": 3, "excluded_lines": 0, "percent_statements_covered": 94.23076923076923, "percent_statements_covered_display": "94", "num_branches": 6, "num_partial_branches": 2, "covered_branches": 4, "missing_branches": 2, "percent_branches_covered": 66.66666666666667, "percent_branches_covered_display": "67"}, "missing_lines": [111, 112, 168], "excluded_lines": [], "start_line": 19, "executed_branches": [[110, 125], [164, 165], [236, 237], [236, 249]], "missing_branches": [[110, 111], [164, 168]]}, "": {"executed_lines": [1, 2, 3, 4, 6, 8, 9, 10, 11, 12, 13, 16, 19, 20, 21, 138, 139], "summary": {"covered_lines": 17, "num_statements": 17, "percent_covered": 100.0, "percent_covered_display": "100", "missing_lines": 0, "excluded_lines": 0, "percent_statements_covered": 100.0, "percent_statements_covered_display": "100", "num_branches": 0, "num_partial_branches": 0, "covered_branches": 0, "missing_branches": 0, "percent_branches_covered": 100.0, "percent_branches_covered_display": "100"}, "missing_lines": [], "excluded_lines": [], "start_line": 1, "executed_branches": [], "missing_branches": []}}}, "apps/weddings/services/wedding_service.py": {"executed_lines": [1, 2, 3, 4, 6, 7, 8, 10, 15, 16, 18, 21, 24, 32, 33, 34, 35, 36, 41, 42, 43, 47, 49, 67, 69, 70, 71, 72, 73, 77, 79, 80, 81, 82, 85, 86, 89, 90, 91, 92, 93, 97, 98, 104, 105, 106, 109, 111, 112, 114, 115, 116, 117, 121, 122, 123, 124, 127, 128, 129, 130, 134, 135, 140, 141, 143, 144, 145, 149, 150, 155, 156, 157, 162, 163, 167, 174, 183, 185, 186, 188, 190, 191, 192, 196, 198], "summary": {"covered_lines": 86, "num_statements": 86, "percent_covered": 100.0, "percent_covered_display": "100", "missing_lines": 0, "excluded_lines": 0, "percent_statements_covered": 100.0, "percent_statements_covered_display": "100", "num_branches": 16, "num_partial_branches": 0, "covered_branches": 16, "missing_branches": 0, "percent_branches_covered": 100.0, "percent_branches_covered_display": "100"}, "missing_lines": [], "excluded_lines": [], "executed_branches": [[35, 36], [35, 41], [41, 42], [41, 49], [42, 43], [42, 47], [72, 73], [72, 77], [105, 106], [105, 111], [122, 123], [122, 127], [123, 122], [123, 124], [190, -174], [190, 191]], "missing_branches": [], "functions": {"WeddingService.list": {"executed_lines": [34, 35, 36, 41, 42, 43, 47, 49, 67], "summary": {"covered_lines": 9, "num_statements": 9, "percent_covered": 100.0, "percent_covered_display": "100", "missing_lines": 0, "excluded_lines": 0, "percent_statements_covered": 100.0, "percent_statements_covered_display": "100", "num_branches": 6, "num_partial_branches": 0, "covered_branches": 6, "missing_branches": 0, "percent_branches_covered": 100.0, "percent_branches_covered_display": "100"}, "missing_lines": [], "excluded_lines": [], "start_line": 33, "executed_branches": [[35, 36], [35, 41], [41, 42], [41, 49], [42, 43], [42, 47]], "missing_branches": []}, "WeddingService.get": {"executed_lines": [71, 72, 73, 77], "summary": {"covered_lines": 4, "num_statements": 4, "percent_covered": 100.0, "percent_covered_display": "100", "missing_lines": 0, "excluded_lines": 0, "percent_statements_covered": 100.0, "percent_statements_covered_display": "100", "num_branches": 2, "num_partial_branches": 0, "covered_branches": 2, "missing_branches": 0, "percent_branches_covered": 100.0, "percent_branches_covered_display": "100"}, "missing_lines": [], "excluded_lines": [], "start_line": 70, "executed_branches": [[72, 73], [72, 77]], "missing_branches": []}, "WeddingService.create": {"executed_lines": [82, 85, 86, 89, 90, 91, 92, 93, 97, 98, 104, 105, 106, 109, 111, 112], "summary": {"covered_lines": 16, "num_statements": 16, "percent_covered": 100.0, "percent_covered_display": "100", "missing_lines": 0, "excluded_lines": 0, "percent_statements_covered": 100.0, "percent_statements_covered_display": "100", "num_branches": 2, "num_partial_branches": 0, "covered_branches": 2, "missing_branches": 0, "percent_branches_covered": 100.0, "percent_branches_covered_display": "100"}, "missing_lines": [], "excluded_lines": [], "start_line": 81, "executed_branches": [[105, 106], [105, 111]], "missing_branches": []}, "WeddingService.update": {"executed_lines": [117, 121, 122, 123, 124, 127, 128, 129, 130, 134, 135, 140, 141], "summary": {"covered_lines": 13, "num_statements": 13, "percent_covered": 100.0, "percent_covered_display": "100", "missing_lines": 0, "excluded_lines": 0, "percent_statements_covered": 100.0, "percent_statements_covered_display": "100", "num_branches": 4, "num_partial_branches": 0, "covered_branches": 4, "missing_branches": 0, "percent_branches_covered": 100.0, "percent_branches_covered_display": "100"}, "missing_lines": [], "excluded_lines": [], "start_line": 116, "executed_branches": [[122, 123], [122, 127], [123, 122], [123, 124]], "missing_branches": []}, "WeddingService.delete": {"executed_lines": [149, 150, 155, 156, 157, 162, 163, 167], "summary": {"covered_lines": 8, "num_statements": 8, "percent_covered": 100.0, "percent_covered_display": "100", "missing_lines": 0, "excluded_lines": 0, "percent_statements_covered": 100.0, "percent_statements_covered_display": "100", "num_branches": 0, "num_partial_branches": 0, "covered_branches": 0, "missing_branches": 0, "percent_branches_covered": 100.0, "percent_branches_covered_display": "100"}, "missing_lines": [], "excluded_lines": [], "start_line": 145, "executed_branches": [], "missing_branches": []}, "_apply_template_events": {"executed_lines": [183, 185, 186, 188, 190, 191, 192, 196, 198], "summary": {"covered_lines": 9, "num_statements": 9, "percent_covered": 100.0, "percent_covered_display": "100", "missing_lines": 0, "excluded_lines": 0, "percent_statements_covered": 100.0, "percent_statements_covered_display": "100", "num_branches": 2, "num_partial_branches": 0, "covered_branches": 2, "missing_branches": 0, "percent_branches_covered": 100.0, "percent_branches_covered_display": "100"}, "missing_lines": [], "excluded_lines": [], "start_line": 174, "executed_branches": [[190, -174], [190, 191]], "missing_branches": []}, "": {"executed_lines": [1, 2, 3, 4, 6, 7, 8, 10, 15, 16, 18, 21, 24, 32, 33, 69, 70, 79, 80, 81, 114, 115, 116, 143, 144, 145, 174], "summary": {"covered_lines": 27, "num_statements": 27, "percent_covered": 100.0, "percent_covered_display": "100", "missing_lines": 0, "excluded_lines": 0, "percent_statements_covered": 100.0, "percent_statements_covered_display": "100", "num_branches": 0, "num_partial_branches": 0, "covered_branches": 0, "missing_branches": 0, "percent_branches_covered": 100.0, "percent_branches_covered_display": "100"}, "missing_lines": [], "excluded_lines": [], "start_line": 1, "executed_branches": [], "missing_branches": []}}, "classes": {"WeddingService": {"executed_lines": [34, 35, 36, 41, 42, 43, 47, 49, 67, 71, 72, 73, 77, 82, 85, 86, 89, 90, 91, 92, 93, 97, 98, 104, 105, 106, 109, 111, 112, 117, 121, 122, 123, 124, 127, 128, 129, 130, 134, 135, 140, 141, 149, 150, 155, 156, 157, 162, 163, 167], "summary": {"covered_lines": 50, "num_statements": 50, "percent_covered": 100.0, "percent_covered_display": "100", "missing_lines": 0, "excluded_lines": 0, "percent_statements_covered": 100.0, "percent_statements_covered_display": "100", "num_branches": 14, "num_partial_branches": 0, "covered_branches": 14, "missing_branches": 0, "percent_branches_covered": 100.0, "percent_branches_covered_display": "100"}, "missing_lines": [], "excluded_lines": [], "start_line": 24, "executed_branches": [[35, 36], [35, 41], [41, 42], [41, 49], [42, 43], [42, 47], [72, 73], [72, 77], [105, 106], [105, 111], [122, 123], [122, 127], [123, 122], [123, 124]], "missing_branches": []}, "": {"executed_lines": [1, 2, 3, 4, 6, 7, 8, 10, 15, 16, 18, 21, 24, 32, 33, 69, 70, 79, 80, 81, 114, 115, 116, 143, 144, 145, 174, 183, 185, 186, 188, 190, 191, 192, 196, 198], "summary": {"covered_lines": 36, "num_statements": 36, "percent_covered": 100.0, "percent_covered_display": "100", "missing_lines": 0, "excluded_lines": 0, "percent_statements_covered": 100.0, "percent_statements_covered_display": "100", "num_branches": 2, "num_partial_branches": 0, "covered_branches": 2, "missing_branches": 0, "percent_branches_covered": 100.0, "percent_branches_covered_display": "100"}, "missing_lines": [], "excluded_lines": [], "start_line": 1, "executed_branches": [[190, -174], [190, 191]], "missing_branches": []}}}}, "totals": {"covered_lines": 823, "num_statements": 871, "percent_covered": 93.5935935935936, "percent_covered_display": "94", "missing_lines": 48, "excluded_lines": 8, "percent_statements_covered": 94.48909299655568, "percent_statements_covered_display": "94", "num_branches": 128, "num_partial_branches": 10, "covered_branches": 112, "missing_branches": 16, "percent_branches_covered": 87.5, "percent_branches_covered_display": "88"}}
